2025-06-09 18:39:04.754  INFO 53436 --- [restartedMain] c.mysite.applyhome.ApplyHomeApplication  : Starting ApplyHomeApplication using Java 21.0.6 with PID 53436 (C:\SpringBackEnd\build\classes\java\main started by JooJungwoo in C:\SpringBackEnd)
2025-06-09 18:39:04.772  INFO 53436 --- [restartedMain] c.mysite.applyhome.ApplyHomeApplication  : No active profile set, falling back to 1 default profile: "default"
2025-06-09 18:39:05.207  INFO 53436 --- [restartedMain] .e.DevToolsPropertyDefaultsPostProcessor : Devtools property defaults active! Set 'spring.devtools.add-properties' to 'false' to disable
2025-06-09 18:39:05.207  INFO 53436 --- [restartedMain] .e.DevToolsPropertyDefaultsPostProcessor : For additional web related logging consider setting the 'logging.level.web' property to 'DEBUG'
2025-06-09 18:39:06.354  INFO 53436 --- [restartedMain] .s.d.r.c.RepositoryConfigurationDelegate : Bootstrapping Spring Data JPA repositories in DEFAULT mode.
2025-06-09 18:39:06.447  INFO 53436 --- [restartedMain] .s.d.r.c.RepositoryConfigurationDelegate : Finished Spring Data repository scanning in 66 ms. Found 3 JPA repository interfaces.
2025-06-09 18:39:06.449  INFO 53436 --- [restartedMain] .s.d.r.c.RepositoryConfigurationDelegate : Bootstrapping Spring Data JPA repositories in DEFAULT mode.
2025-06-09 18:39:06.458  INFO 53436 --- [restartedMain] .s.d.r.c.RepositoryConfigurationDelegate : Finished Spring Data repository scanning in 11 ms. Found 1 JPA repository interface.
2025-06-09 18:39:06.458  INFO 53436 --- [restartedMain] .s.d.r.c.RepositoryConfigurationDelegate : Bootstrapping Spring Data JPA repositories in DEFAULT mode.
2025-06-09 18:39:06.473  INFO 53436 --- [restartedMain] .s.d.r.c.RepositoryConfigurationDelegate : Finished Spring Data repository scanning in 12 ms. Found 2 JPA repository interfaces.
2025-06-09 18:39:08.110  INFO 53436 --- [restartedMain] o.s.b.w.embedded.tomcat.TomcatWebServer  : Tomcat initialized with port 8080 (http)
2025-06-09 18:39:08.131  INFO 53436 --- [restartedMain] o.apache.catalina.core.StandardService   : Starting service [Tomcat]
2025-06-09 18:39:08.132  INFO 53436 --- [restartedMain] o.apache.catalina.core.StandardEngine    : Starting Servlet engine: [Apache Tomcat/10.1.17]
2025-06-09 18:39:08.232  INFO 53436 --- [restartedMain] o.a.c.c.C.[Tomcat].[localhost].[/]       : Initializing Spring embedded WebApplicationContext
2025-06-09 18:39:08.232  INFO 53436 --- [restartedMain] w.s.c.ServletWebServerApplicationContext : Root WebApplicationContext: initialization completed in 3025 ms
2025-06-09 18:39:08.303  INFO 53436 --- [restartedMain] com.zaxxer.hikari.HikariDataSource       : HikariPool-1 - Starting...
2025-06-09 18:39:09.051  INFO 53436 --- [restartedMain] com.zaxxer.hikari.pool.HikariPool        : HikariPool-1 - Added connection com.mysql.cj.jdbc.ConnectionImpl@66f008a
2025-06-09 18:39:09.051  INFO 53436 --- [restartedMain] com.zaxxer.hikari.HikariDataSource       : HikariPool-1 - Start completed.
2025-06-09 18:39:09.066  INFO 53436 --- [restartedMain] com.zaxxer.hikari.HikariDataSource       : HikariPool-2 - Starting...
2025-06-09 18:39:09.216  INFO 53436 --- [restartedMain] com.zaxxer.hikari.pool.HikariPool        : HikariPool-2 - Added connection com.mysql.cj.jdbc.ConnectionImpl@58686561
2025-06-09 18:39:09.216  INFO 53436 --- [restartedMain] com.zaxxer.hikari.HikariDataSource       : HikariPool-2 - Start completed.
2025-06-09 18:39:09.220  INFO 53436 --- [restartedMain] com.zaxxer.hikari.HikariDataSource       : HikariPool-3 - Starting...
2025-06-09 18:39:09.343  INFO 53436 --- [restartedMain] com.zaxxer.hikari.pool.HikariPool        : HikariPool-3 - Added connection com.mysql.cj.jdbc.ConnectionImpl@21e900da
2025-06-09 18:39:09.347  INFO 53436 --- [restartedMain] com.zaxxer.hikari.HikariDataSource       : HikariPool-3 - Start completed.
2025-06-09 18:39:09.347  INFO 53436 --- [restartedMain] o.s.b.a.h2.H2ConsoleAutoConfiguration    : H2 console available at '/h2-console'. Databases available at 'jdbc:mysql://database-1.c5mygaasq9hj.ap-northeast-2.rds.amazonaws.com:3306/app_db', 'jdbc:mysql://database-1.c5mygaasq9hj.ap-northeast-2.rds.amazonaws.com:3306/housing_loan', 'jdbc:mysql://database-1.c5mygaasq9hj.ap-northeast-2.rds.amazonaws.com:3306/notice_db'
2025-06-09 18:39:09.627  INFO 53436 --- [restartedMain] o.hibernate.jpa.internal.util.LogHelper  : HHH000204: Processing PersistenceUnitInfo [name: app]
2025-06-09 18:39:09.810  INFO 53436 --- [restartedMain] org.hibernate.Version                    : HHH000412: Hibernate ORM core version 6.4.1.Final
2025-06-09 18:39:09.887  INFO 53436 --- [restartedMain] o.h.c.internal.RegionFactoryInitiator    : HHH000026: Second-level cache disabled
2025-06-09 18:39:10.479  INFO 53436 --- [restartedMain] o.s.o.j.p.SpringPersistenceUnitInfo      : No LoadTimeWeaver setup: ignoring JPA class transformer
2025-06-09 18:39:10.600  WARN 53436 --- [restartedMain] org.hibernate.orm.deprecation            : HHH90000025: MySQLDialect does not need to be specified explicitly using 'hibernate.dialect' (remove the property setting and it will be selected by default)
2025-06-09 18:39:12.421  INFO 53436 --- [restartedMain] o.h.e.t.j.p.i.JtaPlatformInitiator       : HHH000489: No JTA platform available (set 'hibernate.transaction.jta.platform' to enable JTA platform integration)
2025-06-09 18:39:12.671  INFO 53436 --- [restartedMain] j.LocalContainerEntityManagerFactoryBean : Initialized JPA EntityManagerFactory for persistence unit 'app'
2025-06-09 18:39:12.704  INFO 53436 --- [restartedMain] o.hibernate.jpa.internal.util.LogHelper  : HHH000204: Processing PersistenceUnitInfo [name: default]
2025-06-09 18:39:12.724  INFO 53436 --- [restartedMain] o.h.c.internal.RegionFactoryInitiator    : HHH000026: Second-level cache disabled
2025-06-09 18:39:12.775  INFO 53436 --- [restartedMain] o.s.o.j.p.SpringPersistenceUnitInfo      : No LoadTimeWeaver setup: ignoring JPA class transformer
2025-06-09 18:39:12.796  WARN 53436 --- [restartedMain] org.hibernate.orm.deprecation            : HHH90000025: MySQLDialect does not need to be specified explicitly using 'hibernate.dialect' (remove the property setting and it will be selected by default)
2025-06-09 18:39:12.906  INFO 53436 --- [restartedMain] o.h.e.t.j.p.i.JtaPlatformInitiator       : HHH000489: No JTA platform available (set 'hibernate.transaction.jta.platform' to enable JTA platform integration)
2025-06-09 18:39:12.906  INFO 53436 --- [restartedMain] j.LocalContainerEntityManagerFactoryBean : Initialized JPA EntityManagerFactory for persistence unit 'default'
2025-06-09 18:39:12.917  INFO 53436 --- [restartedMain] o.hibernate.jpa.internal.util.LogHelper  : HHH000204: Processing PersistenceUnitInfo [name: notice]
2025-06-09 18:39:12.925  INFO 53436 --- [restartedMain] o.h.c.internal.RegionFactoryInitiator    : HHH000026: Second-level cache disabled
2025-06-09 18:39:12.979  INFO 53436 --- [restartedMain] o.s.o.j.p.SpringPersistenceUnitInfo      : No LoadTimeWeaver setup: ignoring JPA class transformer
2025-06-09 18:39:12.995  WARN 53436 --- [restartedMain] org.hibernate.orm.deprecation            : HHH90000025: MySQLDialect does not need to be specified explicitly using 'hibernate.dialect' (remove the property setting and it will be selected by default)
2025-06-09 18:39:13.154  INFO 53436 --- [restartedMain] o.h.e.t.j.p.i.JtaPlatformInitiator       : HHH000489: No JTA platform available (set 'hibernate.transaction.jta.platform' to enable JTA platform integration)
2025-06-09 18:39:13.205  INFO 53436 --- [restartedMain] j.LocalContainerEntityManagerFactoryBean : Initialized JPA EntityManagerFactory for persistence unit 'notice'
2025-06-09 18:39:14.091  INFO 53436 --- [restartedMain] o.s.d.j.r.query.QueryEnhancerFactory     : Hibernate is in classpath; If applicable, HQL parser will be used.
2025-06-09 18:39:15.886  WARN 53436 --- [restartedMain] JpaBaseConfiguration$JpaWebConfiguration : spring.jpa.open-in-view is enabled by default. Therefore, database queries may be performed during view rendering. Explicitly configure spring.jpa.open-in-view to disable this warning
2025-06-09 18:39:17.215  INFO 53436 --- [restartedMain] o.s.s.web.DefaultSecurityFilterChain     : Will secure any request with [org.springframework.security.web.session.DisableEncodeUrlFilter@65d9e039, org.springframework.security.web.context.request.async.WebAsyncManagerIntegrationFilter@23f445b5, org.springframework.security.web.context.SecurityContextHolderFilter@3b5af473, org.springframework.security.web.header.HeaderWriterFilter@4256b624, org.springframework.web.filter.CorsFilter@4604161f, org.springframework.security.web.csrf.CsrfFilter@73b8e342, org.springframework.security.web.authentication.logout.LogoutFilter@52323982, org.springframework.security.web.authentication.UsernamePasswordAuthenticationFilter@3bc111, org.springframework.security.web.savedrequest.RequestCacheAwareFilter@23b61085, org.springframework.security.web.servletapi.SecurityContextHolderAwareRequestFilter@7c1213aa, org.springframework.security.web.authentication.AnonymousAuthenticationFilter@16308b20, org.springframework.security.web.access.ExceptionTranslationFilter@216e066f, org.springframework.security.web.access.intercept.AuthorizationFilter@52032eaa]
2025-06-09 18:39:17.817  INFO 53436 --- [restartedMain] o.s.b.d.a.OptionalLiveReloadServer       : LiveReload server is running on port 35729
2025-06-09 18:39:17.869  INFO 53436 --- [restartedMain] o.s.b.w.embedded.tomcat.TomcatWebServer  : Tomcat started on port 8080 (http) with context path ''
2025-06-09 18:39:17.885  INFO 53436 --- [restartedMain] c.mysite.applyhome.ApplyHomeApplication  : Started ApplyHomeApplication in 13.848 seconds (process running for 14.704)
2025-06-09 18:39:20.654  INFO 53436 --- [http-nio-8080-exec-1] o.a.c.c.C.[Tomcat].[localhost].[/]       : Initializing Spring DispatcherServlet 'dispatcherServlet'
2025-06-09 18:39:20.654  INFO 53436 --- [http-nio-8080-exec-1] o.s.web.servlet.DispatcherServlet        : Initializing Servlet 'dispatcherServlet'
2025-06-09 18:39:20.654  INFO 53436 --- [http-nio-8080-exec-1] o.s.web.servlet.DispatcherServlet        : Completed initialization in 0 ms
2025-06-09 18:41:23.128 DEBUG 53436 --- [http-nio-8080-exec-7] org.hibernate.SQL                        : 
    select
        u1_0.user_id,
        u1_0.resident_registration_number,
        u1_0.user_login_id,
        u1_0.user_password_hash 
    from
        Users u1_0 
    where
        u1_0.user_login_id=?
2025-06-09 18:41:23.132  WARN 53436 --- [http-nio-8080-exec-7] com.zaxxer.hikari.pool.PoolBase          : HikariPool-1 - Failed to validate connection com.mysql.cj.jdbc.ConnectionImpl@66f008a (No operations allowed after connection closed.). Possibly consider using a shorter maxLifetime value.
2025-06-09 18:41:23.136  WARN 53436 --- [http-nio-8080-exec-7] com.zaxxer.hikari.pool.PoolBase          : HikariPool-1 - Failed to validate connection com.mysql.cj.jdbc.ConnectionImpl@6c6141f (No operations allowed after connection closed.). Possibly consider using a shorter maxLifetime value.
2025-06-09 18:41:23.137  WARN 53436 --- [http-nio-8080-exec-7] com.zaxxer.hikari.pool.PoolBase          : HikariPool-1 - Failed to validate connection com.mysql.cj.jdbc.ConnectionImpl@22851a3e (No operations allowed after connection closed.). Possibly consider using a shorter maxLifetime value.
2025-06-09 18:41:23.139  WARN 53436 --- [http-nio-8080-exec-7] com.zaxxer.hikari.pool.PoolBase          : HikariPool-1 - Failed to validate connection com.mysql.cj.jdbc.ConnectionImpl@7d01aba6 (No operations allowed after connection closed.). Possibly consider using a shorter maxLifetime value.
2025-06-09 18:41:23.141  WARN 53436 --- [http-nio-8080-exec-7] com.zaxxer.hikari.pool.PoolBase          : HikariPool-1 - Failed to validate connection com.mysql.cj.jdbc.ConnectionImpl@2bc057c6 (No operations allowed after connection closed.). Possibly consider using a shorter maxLifetime value.
2025-06-09 18:41:23.144  WARN 53436 --- [http-nio-8080-exec-7] com.zaxxer.hikari.pool.PoolBase          : HikariPool-1 - Failed to validate connection com.mysql.cj.jdbc.ConnectionImpl@1d90c84d (No operations allowed after connection closed.). Possibly consider using a shorter maxLifetime value.
2025-06-09 18:41:23.145  WARN 53436 --- [http-nio-8080-exec-7] com.zaxxer.hikari.pool.PoolBase          : HikariPool-1 - Failed to validate connection com.mysql.cj.jdbc.ConnectionImpl@174e652b (No operations allowed after connection closed.). Possibly consider using a shorter maxLifetime value.
2025-06-09 18:41:23.147  WARN 53436 --- [http-nio-8080-exec-7] com.zaxxer.hikari.pool.PoolBase          : HikariPool-1 - Failed to validate connection com.mysql.cj.jdbc.ConnectionImpl@67e2a0ff (No operations allowed after connection closed.). Possibly consider using a shorter maxLifetime value.
2025-06-09 18:41:23.150  WARN 53436 --- [http-nio-8080-exec-7] com.zaxxer.hikari.pool.PoolBase          : HikariPool-1 - Failed to validate connection com.mysql.cj.jdbc.ConnectionImpl@4e35a5a2 (No operations allowed after connection closed.). Possibly consider using a shorter maxLifetime value.
2025-06-09 18:41:23.151  WARN 53436 --- [http-nio-8080-exec-7] com.zaxxer.hikari.pool.PoolBase          : HikariPool-1 - Failed to validate connection com.mysql.cj.jdbc.ConnectionImpl@55fcde89 (No operations allowed after connection closed.). Possibly consider using a shorter maxLifetime value.
2025-06-09 18:41:23.295 DEBUG 53436 --- [http-nio-8080-exec-7] org.hibernate.SQL                        : 
    select
        pp1_0.personal_id,
        pp1_0.created_at,
        pp1_0.marriage_status,
        pp1_0.name,
        pp1_0.personal_name,
        pp1_0.personal_birth_date,
        pp1_0.resident_registration_number,
        pp1_0.updated_at 
    from
        Personal_Profiles pp1_0 
    where
        pp1_0.resident_registration_number=?
2025-06-09 18:41:23.537 DEBUG 53436 --- [http-nio-8080-exec-8] org.hibernate.SQL                        : 
    select
        hse1_0.eligibility_id,
        hse1_0.eligibility_prime_type,
        hse1_0.eligibility_sub_type,
        hse1_0.last_assessment_date,
        hse1_0.resident_registration_number 
    from
        Housing_Subscription_Eligibility hse1_0 
    where
        hse1_0.resident_registration_number=? 
    order by
        hse1_0.last_assessment_date desc,
        hse1_0.eligibility_id desc 
    limit
        1
2025-06-09 18:41:23.548 DEBUG 53436 --- [http-nio-8080-exec-8] org.hibernate.SQL                        : 
    select
        pp1_0.personal_id,
        pp1_0.created_at,
        pp1_0.marriage_status,
        pp1_0.name,
        pp1_0.personal_name,
        pp1_0.personal_birth_date,
        pp1_0.resident_registration_number,
        pp1_0.updated_at 
    from
        Personal_Profiles pp1_0 
    where
        pp1_0.resident_registration_number=?
2025-06-09 18:42:09.117 DEBUG 53436 --- [http-nio-8080-exec-1] org.hibernate.SQL                        : 
    select
        hse1_0.eligibility_id,
        hse1_0.eligibility_prime_type,
        hse1_0.eligibility_sub_type,
        hse1_0.last_assessment_date,
        hse1_0.resident_registration_number 
    from
        Housing_Subscription_Eligibility hse1_0 
    where
        hse1_0.resident_registration_number=? 
    order by
        hse1_0.last_assessment_date desc,
        hse1_0.eligibility_id desc 
    limit
        1
2025-06-09 18:42:09.133 DEBUG 53436 --- [http-nio-8080-exec-1] org.hibernate.SQL                        : 
    select
        pp1_0.personal_id,
        pp1_0.created_at,
        pp1_0.marriage_status,
        pp1_0.name,
        pp1_0.personal_name,
        pp1_0.personal_birth_date,
        pp1_0.resident_registration_number,
        pp1_0.updated_at 
    from
        Personal_Profiles pp1_0 
    where
        pp1_0.resident_registration_number=?
2025-06-09 18:42:09.228 DEBUG 53436 --- [http-nio-8080-exec-2] org.hibernate.SQL                        : 
    select
        hse1_0.eligibility_id,
        hse1_0.eligibility_prime_type,
        hse1_0.eligibility_sub_type,
        hse1_0.last_assessment_date,
        hse1_0.resident_registration_number 
    from
        Housing_Subscription_Eligibility hse1_0 
    where
        hse1_0.resident_registration_number=? 
    order by
        hse1_0.last_assessment_date desc,
        hse1_0.eligibility_id desc 
    limit
        1
2025-06-09 18:42:09.232 DEBUG 53436 --- [http-nio-8080-exec-2] org.hibernate.SQL                        : 
    select
        pp1_0.personal_id,
        pp1_0.created_at,
        pp1_0.marriage_status,
        pp1_0.name,
        pp1_0.personal_name,
        pp1_0.personal_birth_date,
        pp1_0.resident_registration_number,
        pp1_0.updated_at 
    from
        Personal_Profiles pp1_0 
    where
        pp1_0.resident_registration_number=?
2025-06-09 18:42:09.276 DEBUG 53436 --- [http-nio-8080-exec-2] org.hibernate.SQL                        : 
    select
        hse1_0.eligibility_id,
        hse1_0.eligibility_prime_type,
        hse1_0.eligibility_sub_type,
        hse1_0.last_assessment_date,
        hse1_0.resident_registration_number 
    from
        Housing_Subscription_Eligibility hse1_0 
    where
        hse1_0.resident_registration_number=? 
    order by
        hse1_0.last_assessment_date desc,
        hse1_0.eligibility_id desc 
    limit
        1
2025-06-09 18:42:09.332 DEBUG 53436 --- [http-nio-8080-exec-2] org.hibernate.SQL                        : 
    select
        distinct st1_0.notice_id 
    from
        supply_types st1_0 
    where
        st1_0.supply_type like ? escape ''
2025-06-09 18:42:09.334  WARN 53436 --- [http-nio-8080-exec-2] com.zaxxer.hikari.pool.PoolBase          : HikariPool-3 - Failed to validate connection com.mysql.cj.jdbc.ConnectionImpl@21e900da (No operations allowed after connection closed.). Possibly consider using a shorter maxLifetime value.
2025-06-09 18:42:09.334  WARN 53436 --- [http-nio-8080-exec-2] com.zaxxer.hikari.pool.PoolBase          : HikariPool-3 - Failed to validate connection com.mysql.cj.jdbc.ConnectionImpl@7ec00bd9 (No operations allowed after connection closed.). Possibly consider using a shorter maxLifetime value.
2025-06-09 18:42:09.336  WARN 53436 --- [http-nio-8080-exec-2] com.zaxxer.hikari.pool.PoolBase          : HikariPool-3 - Failed to validate connection com.mysql.cj.jdbc.ConnectionImpl@234f16eb (No operations allowed after connection closed.). Possibly consider using a shorter maxLifetime value.
2025-06-09 18:42:09.336  WARN 53436 --- [http-nio-8080-exec-2] com.zaxxer.hikari.pool.PoolBase          : HikariPool-3 - Failed to validate connection com.mysql.cj.jdbc.ConnectionImpl@1419b96b (No operations allowed after connection closed.). Possibly consider using a shorter maxLifetime value.
2025-06-09 18:42:09.336  WARN 53436 --- [http-nio-8080-exec-2] com.zaxxer.hikari.pool.PoolBase          : HikariPool-3 - Failed to validate connection com.mysql.cj.jdbc.ConnectionImpl@6a753cb4 (No operations allowed after connection closed.). Possibly consider using a shorter maxLifetime value.
2025-06-09 18:42:09.336  WARN 53436 --- [http-nio-8080-exec-2] com.zaxxer.hikari.pool.PoolBase          : HikariPool-3 - Failed to validate connection com.mysql.cj.jdbc.ConnectionImpl@14157ce0 (No operations allowed after connection closed.). Possibly consider using a shorter maxLifetime value.
2025-06-09 18:42:09.336  WARN 53436 --- [http-nio-8080-exec-2] com.zaxxer.hikari.pool.PoolBase          : HikariPool-3 - Failed to validate connection com.mysql.cj.jdbc.ConnectionImpl@4f36c8c7 (No operations allowed after connection closed.). Possibly consider using a shorter maxLifetime value.
2025-06-09 18:42:09.336  WARN 53436 --- [http-nio-8080-exec-2] com.zaxxer.hikari.pool.PoolBase          : HikariPool-3 - Failed to validate connection com.mysql.cj.jdbc.ConnectionImpl@163de2ab (No operations allowed after connection closed.). Possibly consider using a shorter maxLifetime value.
2025-06-09 18:42:09.342  WARN 53436 --- [http-nio-8080-exec-2] com.zaxxer.hikari.pool.PoolBase          : HikariPool-3 - Failed to validate connection com.mysql.cj.jdbc.ConnectionImpl@55eeec44 (No operations allowed after connection closed.). Possibly consider using a shorter maxLifetime value.
2025-06-09 18:42:09.343  WARN 53436 --- [http-nio-8080-exec-2] com.zaxxer.hikari.pool.PoolBase          : HikariPool-3 - Failed to validate connection com.mysql.cj.jdbc.ConnectionImpl@6aa36865 (No operations allowed after connection closed.). Possibly consider using a shorter maxLifetime value.
2025-06-09 18:42:09.557 DEBUG 53436 --- [http-nio-8080-exec-2] org.hibernate.SQL                        : 
    select
        n1_0.id,
        n1_0.application_end_date,
        n1_0.is_correction,
        n1_0.location,
        n1_0.move_in_date,
        n1_0.notice_number,
        n1_0.notice_status,
        n1_0.notice_title,
        n1_0.post_date 
    from
        notices n1_0 
    where
        n1_0.id in (?, ?, ?, ?, ?, ?, ?, ?, ?, ?, ?, ?, ?, ?, ?, ?, ?, ?, ?, ?) 
    order by
        n1_0.notice_status,
        n1_0.application_end_date 
    limit
        ?, ?
2025-06-09 18:42:20.282 DEBUG 53436 --- [http-nio-8080-exec-3] org.hibernate.SQL                        : 
    select
        hse1_0.eligibility_id,
        hse1_0.eligibility_prime_type,
        hse1_0.eligibility_sub_type,
        hse1_0.last_assessment_date,
        hse1_0.resident_registration_number 
    from
        Housing_Subscription_Eligibility hse1_0 
    where
        hse1_0.resident_registration_number=? 
    order by
        hse1_0.last_assessment_date desc,
        hse1_0.eligibility_id desc 
    limit
        1
2025-06-09 18:42:20.292 DEBUG 53436 --- [http-nio-8080-exec-3] org.hibernate.SQL                        : 
    select
        pp1_0.personal_id,
        pp1_0.created_at,
        pp1_0.marriage_status,
        pp1_0.name,
        pp1_0.personal_name,
        pp1_0.personal_birth_date,
        pp1_0.resident_registration_number,
        pp1_0.updated_at 
    from
        Personal_Profiles pp1_0 
    where
        pp1_0.resident_registration_number=?
2025-06-09 18:42:20.371 DEBUG 53436 --- [http-nio-8080-exec-3] org.hibernate.SQL                        : 
    select
        hse1_0.eligibility_id,
        hse1_0.eligibility_prime_type,
        hse1_0.eligibility_sub_type,
        hse1_0.last_assessment_date,
        hse1_0.resident_registration_number 
    from
        Housing_Subscription_Eligibility hse1_0 
    where
        hse1_0.resident_registration_number=? 
    order by
        hse1_0.last_assessment_date desc,
        hse1_0.eligibility_id desc 
    limit
        1
2025-06-09 18:42:20.400 DEBUG 53436 --- [http-nio-8080-exec-3] org.hibernate.SQL                        : 
    select
        hse1_0.eligibility_id,
        hse1_0.eligibility_prime_type,
        hse1_0.eligibility_sub_type,
        hse1_0.last_assessment_date,
        hse1_0.resident_registration_number 
    from
        Housing_Subscription_Eligibility hse1_0 
    where
        hse1_0.resident_registration_number=? 
    order by
        hse1_0.last_assessment_date desc,
        hse1_0.eligibility_id desc 
    limit
        1
2025-06-09 18:42:42.607 DEBUG 53436 --- [http-nio-8080-exec-6] org.hibernate.SQL                        : 
    select
        hse1_0.eligibility_id,
        hse1_0.eligibility_prime_type,
        hse1_0.eligibility_sub_type,
        hse1_0.last_assessment_date,
        hse1_0.resident_registration_number 
    from
        Housing_Subscription_Eligibility hse1_0 
    where
        hse1_0.resident_registration_number=? 
    order by
        hse1_0.last_assessment_date desc,
        hse1_0.eligibility_id desc 
    limit
        1
2025-06-09 18:42:42.623 DEBUG 53436 --- [http-nio-8080-exec-6] org.hibernate.SQL                        : 
    select
        pp1_0.personal_id,
        pp1_0.created_at,
        pp1_0.marriage_status,
        pp1_0.name,
        pp1_0.personal_name,
        pp1_0.personal_birth_date,
        pp1_0.resident_registration_number,
        pp1_0.updated_at 
    from
        Personal_Profiles pp1_0 
    where
        pp1_0.resident_registration_number=?
2025-06-09 18:42:47.642 DEBUG 53436 --- [http-nio-8080-exec-5] org.hibernate.SQL                        : 
    select
        hse1_0.eligibility_id,
        hse1_0.eligibility_prime_type,
        hse1_0.eligibility_sub_type,
        hse1_0.last_assessment_date,
        hse1_0.resident_registration_number 
    from
        Housing_Subscription_Eligibility hse1_0 
    where
        hse1_0.resident_registration_number=? 
    order by
        hse1_0.last_assessment_date desc,
        hse1_0.eligibility_id desc 
    limit
        1
2025-06-09 18:42:47.642 DEBUG 53436 --- [http-nio-8080-exec-5] org.hibernate.SQL                        : 
    select
        pp1_0.personal_id,
        pp1_0.created_at,
        pp1_0.marriage_status,
        pp1_0.name,
        pp1_0.personal_name,
        pp1_0.personal_birth_date,
        pp1_0.resident_registration_number,
        pp1_0.updated_at 
    from
        Personal_Profiles pp1_0 
    where
        pp1_0.resident_registration_number=?
2025-06-09 18:42:47.674 DEBUG 53436 --- [http-nio-8080-exec-5] org.hibernate.SQL                        : select lp1_0.loan_id,lp1_0.bank_name,lp1_0.first_home_only,lp1_0.house_owned_limit,lp1_0.income_max,lp1_0.income_min,lp1_0.loan_limit,lp1_0.loan_term,lp1_0.loan_type,lp1_0.name,lp1_0.rate_max,lp1_0.rate_min,lp1_0.repayment_method,lp1_0.target_age_max,lp1_0.target_age_min,lp1_0.target_group from housing_loan_products lp1_0 where lp1_0.loan_type=?
2025-06-09 18:42:47.674  WARN 53436 --- [http-nio-8080-exec-5] com.zaxxer.hikari.pool.PoolBase          : HikariPool-2 - Failed to validate connection com.mysql.cj.jdbc.ConnectionImpl@58686561 (No operations allowed after connection closed.). Possibly consider using a shorter maxLifetime value.
2025-06-09 18:42:47.674  WARN 53436 --- [http-nio-8080-exec-5] com.zaxxer.hikari.pool.PoolBase          : HikariPool-2 - Failed to validate connection com.mysql.cj.jdbc.ConnectionImpl@64f55217 (No operations allowed after connection closed.). Possibly consider using a shorter maxLifetime value.
2025-06-09 18:42:47.674  WARN 53436 --- [http-nio-8080-exec-5] com.zaxxer.hikari.pool.PoolBase          : HikariPool-2 - Failed to validate connection com.mysql.cj.jdbc.ConnectionImpl@2dccf6e (No operations allowed after connection closed.). Possibly consider using a shorter maxLifetime value.
2025-06-09 18:42:47.682  WARN 53436 --- [http-nio-8080-exec-5] com.zaxxer.hikari.pool.PoolBase          : HikariPool-2 - Failed to validate connection com.mysql.cj.jdbc.ConnectionImpl@ed53be7 (No operations allowed after connection closed.). Possibly consider using a shorter maxLifetime value.
2025-06-09 18:42:47.682  WARN 53436 --- [http-nio-8080-exec-5] com.zaxxer.hikari.pool.PoolBase          : HikariPool-2 - Failed to validate connection com.mysql.cj.jdbc.ConnectionImpl@5f3ecf9 (No operations allowed after connection closed.). Possibly consider using a shorter maxLifetime value.
2025-06-09 18:42:47.682  WARN 53436 --- [http-nio-8080-exec-5] com.zaxxer.hikari.pool.PoolBase          : HikariPool-2 - Failed to validate connection com.mysql.cj.jdbc.ConnectionImpl@4bd873ba (No operations allowed after connection closed.). Possibly consider using a shorter maxLifetime value.
2025-06-09 18:42:47.684  WARN 53436 --- [http-nio-8080-exec-5] com.zaxxer.hikari.pool.PoolBase          : HikariPool-2 - Failed to validate connection com.mysql.cj.jdbc.ConnectionImpl@2f1b7210 (No operations allowed after connection closed.). Possibly consider using a shorter maxLifetime value.
2025-06-09 18:42:47.684  WARN 53436 --- [http-nio-8080-exec-5] com.zaxxer.hikari.pool.PoolBase          : HikariPool-2 - Failed to validate connection com.mysql.cj.jdbc.ConnectionImpl@8b66e17 (No operations allowed after connection closed.). Possibly consider using a shorter maxLifetime value.
2025-06-09 18:42:47.684  WARN 53436 --- [http-nio-8080-exec-5] com.zaxxer.hikari.pool.PoolBase          : HikariPool-2 - Failed to validate connection com.mysql.cj.jdbc.ConnectionImpl@1238dfdc (No operations allowed after connection closed.). Possibly consider using a shorter maxLifetime value.
2025-06-09 18:42:47.684  WARN 53436 --- [http-nio-8080-exec-5] com.zaxxer.hikari.pool.PoolBase          : HikariPool-2 - Failed to validate connection com.mysql.cj.jdbc.ConnectionImpl@1a753b82 (No operations allowed after connection closed.). Possibly consider using a shorter maxLifetime value.
2025-06-09 18:43:03.359 DEBUG 53436 --- [http-nio-8080-exec-9] org.hibernate.SQL                        : 
    select
        hse1_0.eligibility_id,
        hse1_0.eligibility_prime_type,
        hse1_0.eligibility_sub_type,
        hse1_0.last_assessment_date,
        hse1_0.resident_registration_number 
    from
        Housing_Subscription_Eligibility hse1_0 
    where
        hse1_0.resident_registration_number=? 
    order by
        hse1_0.last_assessment_date desc,
        hse1_0.eligibility_id desc 
    limit
        1
2025-06-09 18:43:03.359 DEBUG 53436 --- [http-nio-8080-exec-9] org.hibernate.SQL                        : 
    select
        pp1_0.personal_id,
        pp1_0.created_at,
        pp1_0.marriage_status,
        pp1_0.name,
        pp1_0.personal_name,
        pp1_0.personal_birth_date,
        pp1_0.resident_registration_number,
        pp1_0.updated_at 
    from
        Personal_Profiles pp1_0 
    where
        pp1_0.resident_registration_number=?
2025-06-09 18:43:03.443 DEBUG 53436 --- [http-nio-8080-exec-9] org.hibernate.SQL                        : select lp1_0.loan_id,lp1_0.bank_name,lp1_0.first_home_only,lp1_0.house_owned_limit,lp1_0.income_max,lp1_0.income_min,lp1_0.loan_limit,lp1_0.loan_term,lp1_0.loan_type,lp1_0.name,lp1_0.rate_max,lp1_0.rate_min,lp1_0.repayment_method,lp1_0.target_age_max,lp1_0.target_age_min,lp1_0.target_group from housing_loan_products lp1_0 where lp1_0.bank_name like ? escape '' and lp1_0.rate_max<? and lp1_0.loan_limit>=? limit ?,?
2025-06-09 18:43:08.758 DEBUG 53436 --- [http-nio-8080-exec-10] org.hibernate.SQL                        : 
    select
        hse1_0.eligibility_id,
        hse1_0.eligibility_prime_type,
        hse1_0.eligibility_sub_type,
        hse1_0.last_assessment_date,
        hse1_0.resident_registration_number 
    from
        Housing_Subscription_Eligibility hse1_0 
    where
        hse1_0.resident_registration_number=? 
    order by
        hse1_0.last_assessment_date desc,
        hse1_0.eligibility_id desc 
    limit
        1
2025-06-09 18:43:08.765 DEBUG 53436 --- [http-nio-8080-exec-10] org.hibernate.SQL                        : 
    select
        pp1_0.personal_id,
        pp1_0.created_at,
        pp1_0.marriage_status,
        pp1_0.name,
        pp1_0.personal_name,
        pp1_0.personal_birth_date,
        pp1_0.resident_registration_number,
        pp1_0.updated_at 
    from
        Personal_Profiles pp1_0 
    where
        pp1_0.resident_registration_number=?
2025-06-09 18:43:08.824 DEBUG 53436 --- [http-nio-8080-exec-10] org.hibernate.SQL                        : select lp1_0.loan_id,lp1_0.bank_name,lp1_0.first_home_only,lp1_0.house_owned_limit,lp1_0.income_max,lp1_0.income_min,lp1_0.loan_limit,lp1_0.loan_term,lp1_0.loan_type,lp1_0.name,lp1_0.rate_max,lp1_0.rate_min,lp1_0.repayment_method,lp1_0.target_age_max,lp1_0.target_age_min,lp1_0.target_group from housing_loan_products lp1_0 where lp1_0.bank_name like ? escape '' and lp1_0.rate_max<? limit ?,?
2025-06-09 18:43:11.485 DEBUG 53436 --- [http-nio-8080-exec-1] org.hibernate.SQL                        : 
    select
        hse1_0.eligibility_id,
        hse1_0.eligibility_prime_type,
        hse1_0.eligibility_sub_type,
        hse1_0.last_assessment_date,
        hse1_0.resident_registration_number 
    from
        Housing_Subscription_Eligibility hse1_0 
    where
        hse1_0.resident_registration_number=? 
    order by
        hse1_0.last_assessment_date desc,
        hse1_0.eligibility_id desc 
    limit
        1
2025-06-09 18:43:11.491 DEBUG 53436 --- [http-nio-8080-exec-1] org.hibernate.SQL                        : 
    select
        pp1_0.personal_id,
        pp1_0.created_at,
        pp1_0.marriage_status,
        pp1_0.name,
        pp1_0.personal_name,
        pp1_0.personal_birth_date,
        pp1_0.resident_registration_number,
        pp1_0.updated_at 
    from
        Personal_Profiles pp1_0 
    where
        pp1_0.resident_registration_number=?
2025-06-09 18:43:11.541 DEBUG 53436 --- [http-nio-8080-exec-1] org.hibernate.SQL                        : select lp1_0.loan_id,lp1_0.bank_name,lp1_0.first_home_only,lp1_0.house_owned_limit,lp1_0.income_max,lp1_0.income_min,lp1_0.loan_limit,lp1_0.loan_term,lp1_0.loan_type,lp1_0.name,lp1_0.rate_max,lp1_0.rate_min,lp1_0.repayment_method,lp1_0.target_age_max,lp1_0.target_age_min,lp1_0.target_group from housing_loan_products lp1_0 where lp1_0.bank_name like ? escape '' limit ?,?
2025-06-09 18:43:23.305 DEBUG 53436 --- [http-nio-8080-exec-2] org.hibernate.SQL                        : 
    select
        hse1_0.eligibility_id,
        hse1_0.eligibility_prime_type,
        hse1_0.eligibility_sub_type,
        hse1_0.last_assessment_date,
        hse1_0.resident_registration_number 
    from
        Housing_Subscription_Eligibility hse1_0 
    where
        hse1_0.resident_registration_number=? 
    order by
        hse1_0.last_assessment_date desc,
        hse1_0.eligibility_id desc 
    limit
        1
2025-06-09 18:43:23.314 DEBUG 53436 --- [http-nio-8080-exec-2] org.hibernate.SQL                        : 
    select
        pp1_0.personal_id,
        pp1_0.created_at,
        pp1_0.marriage_status,
        pp1_0.name,
        pp1_0.personal_name,
        pp1_0.personal_birth_date,
        pp1_0.resident_registration_number,
        pp1_0.updated_at 
    from
        Personal_Profiles pp1_0 
    where
        pp1_0.resident_registration_number=?
2025-06-09 18:43:23.339  WARN 53436 --- [http-nio-8080-exec-2] com.zaxxer.hikari.pool.PoolBase          : HikariPool-3 - Failed to validate connection com.mysql.cj.jdbc.ConnectionImpl@46b94c95 (No operations allowed after connection closed.). Possibly consider using a shorter maxLifetime value.
2025-06-09 18:43:23.339  WARN 53436 --- [http-nio-8080-exec-2] com.zaxxer.hikari.pool.PoolBase          : HikariPool-3 - Failed to validate connection com.mysql.cj.jdbc.ConnectionImpl@16f776f4 (No operations allowed after connection closed.). Possibly consider using a shorter maxLifetime value.
2025-06-09 18:43:23.339  WARN 53436 --- [http-nio-8080-exec-2] com.zaxxer.hikari.pool.PoolBase          : HikariPool-3 - Failed to validate connection com.mysql.cj.jdbc.ConnectionImpl@55b0c628 (No operations allowed after connection closed.). Possibly consider using a shorter maxLifetime value.
2025-06-09 18:43:23.339  WARN 53436 --- [http-nio-8080-exec-2] com.zaxxer.hikari.pool.PoolBase          : HikariPool-3 - Failed to validate connection com.mysql.cj.jdbc.ConnectionImpl@5961f5ef (No operations allowed after connection closed.). Possibly consider using a shorter maxLifetime value.
2025-06-09 18:43:23.339  WARN 53436 --- [http-nio-8080-exec-2] com.zaxxer.hikari.pool.PoolBase          : HikariPool-3 - Failed to validate connection com.mysql.cj.jdbc.ConnectionImpl@3b6ae9a5 (No operations allowed after connection closed.). Possibly consider using a shorter maxLifetime value.
2025-06-09 18:43:23.354  WARN 53436 --- [http-nio-8080-exec-2] com.zaxxer.hikari.pool.PoolBase          : HikariPool-3 - Failed to validate connection com.mysql.cj.jdbc.ConnectionImpl@160768ea (No operations allowed after connection closed.). Possibly consider using a shorter maxLifetime value.
2025-06-09 18:43:23.355  WARN 53436 --- [http-nio-8080-exec-2] com.zaxxer.hikari.pool.PoolBase          : HikariPool-3 - Failed to validate connection com.mysql.cj.jdbc.ConnectionImpl@45557d84 (No operations allowed after connection closed.). Possibly consider using a shorter maxLifetime value.
2025-06-09 18:43:23.357  WARN 53436 --- [http-nio-8080-exec-2] com.zaxxer.hikari.pool.PoolBase          : HikariPool-3 - Failed to validate connection com.mysql.cj.jdbc.ConnectionImpl@13cd364c (No operations allowed after connection closed.). Possibly consider using a shorter maxLifetime value.
2025-06-09 18:43:23.359  WARN 53436 --- [http-nio-8080-exec-2] com.zaxxer.hikari.pool.PoolBase          : HikariPool-3 - Failed to validate connection com.mysql.cj.jdbc.ConnectionImpl@7f06d251 (No operations allowed after connection closed.). Possibly consider using a shorter maxLifetime value.
2025-06-09 18:43:23.359  WARN 53436 --- [http-nio-8080-exec-2] com.zaxxer.hikari.pool.PoolBase          : HikariPool-3 - Failed to validate connection com.mysql.cj.jdbc.ConnectionImpl@52ebb563 (No operations allowed after connection closed.). Possibly consider using a shorter maxLifetime value.
2025-06-09 18:43:23.516 DEBUG 53436 --- [http-nio-8080-exec-2] org.hibernate.SQL                        : 
    select
        n1_0.id,
        n1_0.application_end_date,
        n1_0.is_correction,
        n1_0.location,
        n1_0.move_in_date,
        n1_0.notice_number,
        n1_0.notice_status,
        n1_0.notice_title,
        n1_0.post_date 
    from
        notices n1_0 
    order by
        n1_0.notice_status,
        n1_0.application_end_date 
    limit
        ?, ?
2025-06-09 18:43:31.445 DEBUG 53436 --- [http-nio-8080-exec-6] org.hibernate.SQL                        : 
    select
        hse1_0.eligibility_id,
        hse1_0.eligibility_prime_type,
        hse1_0.eligibility_sub_type,
        hse1_0.last_assessment_date,
        hse1_0.resident_registration_number 
    from
        Housing_Subscription_Eligibility hse1_0 
    where
        hse1_0.resident_registration_number=? 
    order by
        hse1_0.last_assessment_date desc,
        hse1_0.eligibility_id desc 
    limit
        1
2025-06-09 18:43:31.455 DEBUG 53436 --- [http-nio-8080-exec-6] org.hibernate.SQL                        : 
    select
        pp1_0.personal_id,
        pp1_0.created_at,
        pp1_0.marriage_status,
        pp1_0.name,
        pp1_0.personal_name,
        pp1_0.personal_birth_date,
        pp1_0.resident_registration_number,
        pp1_0.updated_at 
    from
        Personal_Profiles pp1_0 
    where
        pp1_0.resident_registration_number=?
2025-06-09 18:43:31.537 DEBUG 53436 --- [http-nio-8080-exec-6] org.hibernate.SQL                        : 
    select
        n1_0.id,
        n1_0.application_end_date,
        n1_0.is_correction,
        n1_0.location,
        n1_0.move_in_date,
        n1_0.notice_number,
        n1_0.notice_status,
        n1_0.notice_title,
        n1_0.post_date 
    from
        notices n1_0 
    where
        n1_0.location like ? escape '' 
        and exists(select
            ht1_0.notice_id 
        from
            house_types ht1_0 
        where
            ht1_0.notice_id=n1_0.id 
            and ht1_0.exclusive_area>=? 
            and ht1_0.exclusive_area<?) 
    order by
        n1_0.notice_status,
        n1_0.application_end_date 
    limit
        ?, ?
2025-06-09 18:43:35.895 DEBUG 53436 --- [http-nio-8080-exec-7] org.hibernate.SQL                        : 
    select
        hse1_0.eligibility_id,
        hse1_0.eligibility_prime_type,
        hse1_0.eligibility_sub_type,
        hse1_0.last_assessment_date,
        hse1_0.resident_registration_number 
    from
        Housing_Subscription_Eligibility hse1_0 
    where
        hse1_0.resident_registration_number=? 
    order by
        hse1_0.last_assessment_date desc,
        hse1_0.eligibility_id desc 
    limit
        1
2025-06-09 18:43:35.903 DEBUG 53436 --- [http-nio-8080-exec-7] org.hibernate.SQL                        : 
    select
        pp1_0.personal_id,
        pp1_0.created_at,
        pp1_0.marriage_status,
        pp1_0.name,
        pp1_0.personal_name,
        pp1_0.personal_birth_date,
        pp1_0.resident_registration_number,
        pp1_0.updated_at 
    from
        Personal_Profiles pp1_0 
    where
        pp1_0.resident_registration_number=?
2025-06-09 18:43:35.973 DEBUG 53436 --- [http-nio-8080-exec-7] org.hibernate.SQL                        : 
    select
        n1_0.id,
        n1_0.application_end_date,
        n1_0.is_correction,
        n1_0.location,
        n1_0.move_in_date,
        n1_0.notice_number,
        n1_0.notice_status,
        n1_0.notice_title,
        n1_0.post_date 
    from
        notices n1_0 
    where
        n1_0.location like ? escape '' 
        and exists(select
            ht1_0.notice_id 
        from
            house_types ht1_0 
        where
            ht1_0.notice_id=n1_0.id 
            and ht1_0.exclusive_area>=? 
            and ht1_0.exclusive_area<?) 
    order by
        n1_0.notice_status,
        n1_0.application_end_date 
    limit
        ?, ?
2025-06-09 18:43:38.725 DEBUG 53436 --- [http-nio-8080-exec-8] org.hibernate.SQL                        : 
    select
        hse1_0.eligibility_id,
        hse1_0.eligibility_prime_type,
        hse1_0.eligibility_sub_type,
        hse1_0.last_assessment_date,
        hse1_0.resident_registration_number 
    from
        Housing_Subscription_Eligibility hse1_0 
    where
        hse1_0.resident_registration_number=? 
    order by
        hse1_0.last_assessment_date desc,
        hse1_0.eligibility_id desc 
    limit
        1
2025-06-09 18:43:38.727 DEBUG 53436 --- [http-nio-8080-exec-8] org.hibernate.SQL                        : 
    select
        pp1_0.personal_id,
        pp1_0.created_at,
        pp1_0.marriage_status,
        pp1_0.name,
        pp1_0.personal_name,
        pp1_0.personal_birth_date,
        pp1_0.resident_registration_number,
        pp1_0.updated_at 
    from
        Personal_Profiles pp1_0 
    where
        pp1_0.resident_registration_number=?
2025-06-09 18:43:38.757 DEBUG 53436 --- [http-nio-8080-exec-8] org.hibernate.SQL                        : 
    select
        hse1_0.eligibility_id,
        hse1_0.eligibility_prime_type,
        hse1_0.eligibility_sub_type,
        hse1_0.last_assessment_date,
        hse1_0.resident_registration_number 
    from
        Housing_Subscription_Eligibility hse1_0 
    where
        hse1_0.resident_registration_number=? 
    order by
        hse1_0.last_assessment_date desc,
        hse1_0.eligibility_id desc 
    limit
        1
2025-06-09 18:43:38.790 DEBUG 53436 --- [http-nio-8080-exec-8] org.hibernate.SQL                        : 
    select
        distinct st1_0.notice_id 
    from
        supply_types st1_0 
    where
        st1_0.supply_type like ? escape ''
2025-06-09 18:43:38.823 DEBUG 53436 --- [http-nio-8080-exec-8] org.hibernate.SQL                        : 
    select
        n1_0.id,
        n1_0.application_end_date,
        n1_0.is_correction,
        n1_0.location,
        n1_0.move_in_date,
        n1_0.notice_number,
        n1_0.notice_status,
        n1_0.notice_title,
        n1_0.post_date 
    from
        notices n1_0 
    where
        n1_0.id in (?, ?, ?, ?, ?, ?, ?, ?, ?, ?, ?, ?, ?, ?, ?, ?, ?, ?, ?, ?) 
    order by
        n1_0.notice_status,
        n1_0.application_end_date 
    limit
        ?, ?
2025-06-09 18:43:45.525 DEBUG 53436 --- [http-nio-8080-exec-5] org.hibernate.SQL                        : 
    select
        hse1_0.eligibility_id,
        hse1_0.eligibility_prime_type,
        hse1_0.eligibility_sub_type,
        hse1_0.last_assessment_date,
        hse1_0.resident_registration_number 
    from
        Housing_Subscription_Eligibility hse1_0 
    where
        hse1_0.resident_registration_number=? 
    order by
        hse1_0.last_assessment_date desc,
        hse1_0.eligibility_id desc 
    limit
        1
2025-06-09 18:43:45.534 DEBUG 53436 --- [http-nio-8080-exec-5] org.hibernate.SQL                        : 
    select
        pp1_0.personal_id,
        pp1_0.created_at,
        pp1_0.marriage_status,
        pp1_0.name,
        pp1_0.personal_name,
        pp1_0.personal_birth_date,
        pp1_0.resident_registration_number,
        pp1_0.updated_at 
    from
        Personal_Profiles pp1_0 
    where
        pp1_0.resident_registration_number=?
2025-06-09 18:43:45.556 DEBUG 53436 --- [http-nio-8080-exec-5] org.hibernate.SQL                        : 
    select
        hse1_0.eligibility_id,
        hse1_0.eligibility_prime_type,
        hse1_0.eligibility_sub_type,
        hse1_0.last_assessment_date,
        hse1_0.resident_registration_number 
    from
        Housing_Subscription_Eligibility hse1_0 
    where
        hse1_0.resident_registration_number=? 
    order by
        hse1_0.last_assessment_date desc,
        hse1_0.eligibility_id desc 
    limit
        1
2025-06-09 18:43:45.594 DEBUG 53436 --- [http-nio-8080-exec-5] org.hibernate.SQL                        : 
    select
        distinct st1_0.notice_id 
    from
        supply_types st1_0 
    where
        st1_0.supply_type like ? escape ''
2025-06-09 18:43:45.622 DEBUG 53436 --- [http-nio-8080-exec-5] org.hibernate.SQL                        : 
    select
        n1_0.id,
        n1_0.application_end_date,
        n1_0.is_correction,
        n1_0.location,
        n1_0.move_in_date,
        n1_0.notice_number,
        n1_0.notice_status,
        n1_0.notice_title,
        n1_0.post_date 
    from
        notices n1_0 
    where
        n1_0.id in (?, ?, ?, ?, ?, ?, ?, ?, ?, ?, ?, ?, ?, ?, ?, ?, ?, ?, ?, ?) 
    order by
        n1_0.notice_status,
        n1_0.application_end_date 
    limit
        ?, ?
2025-06-09 18:44:03.819 DEBUG 53436 --- [http-nio-8080-exec-9] org.hibernate.SQL                        : 
    select
        hse1_0.eligibility_id,
        hse1_0.eligibility_prime_type,
        hse1_0.eligibility_sub_type,
        hse1_0.last_assessment_date,
        hse1_0.resident_registration_number 
    from
        Housing_Subscription_Eligibility hse1_0 
    where
        hse1_0.resident_registration_number=? 
    order by
        hse1_0.last_assessment_date desc,
        hse1_0.eligibility_id desc 
    limit
        1
2025-06-09 18:44:03.827 DEBUG 53436 --- [http-nio-8080-exec-9] org.hibernate.SQL                        : 
    select
        pp1_0.personal_id,
        pp1_0.created_at,
        pp1_0.marriage_status,
        pp1_0.name,
        pp1_0.personal_name,
        pp1_0.personal_birth_date,
        pp1_0.resident_registration_number,
        pp1_0.updated_at 
    from
        Personal_Profiles pp1_0 
    where
        pp1_0.resident_registration_number=?
2025-06-09 18:44:16.653 DEBUG 53436 --- [http-nio-8080-exec-3] org.hibernate.SQL                        : 
    select
        hse1_0.eligibility_id,
        hse1_0.eligibility_prime_type,
        hse1_0.eligibility_sub_type,
        hse1_0.last_assessment_date,
        hse1_0.resident_registration_number 
    from
        Housing_Subscription_Eligibility hse1_0 
    where
        hse1_0.resident_registration_number=? 
    order by
        hse1_0.last_assessment_date desc,
        hse1_0.eligibility_id desc 
    limit
        1
2025-06-09 18:44:16.653 DEBUG 53436 --- [http-nio-8080-exec-3] org.hibernate.SQL                        : 
    select
        pp1_0.personal_id,
        pp1_0.created_at,
        pp1_0.marriage_status,
        pp1_0.name,
        pp1_0.personal_name,
        pp1_0.personal_birth_date,
        pp1_0.resident_registration_number,
        pp1_0.updated_at 
    from
        Personal_Profiles pp1_0 
    where
        pp1_0.resident_registration_number=?
2025-06-09 18:46:47.423  WARN 53436 --- [http-nio-8080-exec-5] com.zaxxer.hikari.pool.PoolBase          : HikariPool-1 - Failed to validate connection com.mysql.cj.jdbc.ConnectionImpl@7cf99125 (No operations allowed after connection closed.). Possibly consider using a shorter maxLifetime value.
2025-06-09 18:46:47.424  WARN 53436 --- [http-nio-8080-exec-5] com.zaxxer.hikari.pool.PoolBase          : HikariPool-1 - Failed to validate connection com.mysql.cj.jdbc.ConnectionImpl@7933eb99 (No operations allowed after connection closed.). Possibly consider using a shorter maxLifetime value.
2025-06-09 18:46:47.426  WARN 53436 --- [http-nio-8080-exec-5] com.zaxxer.hikari.pool.PoolBase          : HikariPool-1 - Failed to validate connection com.mysql.cj.jdbc.ConnectionImpl@334ab220 (No operations allowed after connection closed.). Possibly consider using a shorter maxLifetime value.
2025-06-09 18:46:47.427  WARN 53436 --- [http-nio-8080-exec-5] com.zaxxer.hikari.pool.PoolBase          : HikariPool-1 - Failed to validate connection com.mysql.cj.jdbc.ConnectionImpl@30a7dd5 (No operations allowed after connection closed.). Possibly consider using a shorter maxLifetime value.
2025-06-09 18:46:47.428  WARN 53436 --- [http-nio-8080-exec-5] com.zaxxer.hikari.pool.PoolBase          : HikariPool-1 - Failed to validate connection com.mysql.cj.jdbc.ConnectionImpl@102b5b1c (No operations allowed after connection closed.). Possibly consider using a shorter maxLifetime value.
2025-06-09 18:46:47.430  WARN 53436 --- [http-nio-8080-exec-5] com.zaxxer.hikari.pool.PoolBase          : HikariPool-1 - Failed to validate connection com.mysql.cj.jdbc.ConnectionImpl@762205a3 (No operations allowed after connection closed.). Possibly consider using a shorter maxLifetime value.
2025-06-09 18:46:47.431  WARN 53436 --- [http-nio-8080-exec-5] com.zaxxer.hikari.pool.PoolBase          : HikariPool-1 - Failed to validate connection com.mysql.cj.jdbc.ConnectionImpl@109f72f5 (No operations allowed after connection closed.). Possibly consider using a shorter maxLifetime value.
2025-06-09 18:46:47.434  WARN 53436 --- [http-nio-8080-exec-5] com.zaxxer.hikari.pool.PoolBase          : HikariPool-1 - Failed to validate connection com.mysql.cj.jdbc.ConnectionImpl@402b51e6 (No operations allowed after connection closed.). Possibly consider using a shorter maxLifetime value.
2025-06-09 18:46:47.435  WARN 53436 --- [http-nio-8080-exec-5] com.zaxxer.hikari.pool.PoolBase          : HikariPool-1 - Failed to validate connection com.mysql.cj.jdbc.ConnectionImpl@a120144 (No operations allowed after connection closed.). Possibly consider using a shorter maxLifetime value.
2025-06-09 18:46:47.436  WARN 53436 --- [http-nio-8080-exec-5] com.zaxxer.hikari.pool.PoolBase          : HikariPool-1 - Failed to validate connection com.mysql.cj.jdbc.ConnectionImpl@6cfb12b8 (No operations allowed after connection closed.). Possibly consider using a shorter maxLifetime value.
2025-06-09 18:46:47.601 DEBUG 53436 --- [http-nio-8080-exec-5] org.hibernate.SQL                        : 
    select
        hse1_0.eligibility_id,
        hse1_0.eligibility_prime_type,
        hse1_0.eligibility_sub_type,
        hse1_0.last_assessment_date,
        hse1_0.resident_registration_number 
    from
        Housing_Subscription_Eligibility hse1_0 
    where
        hse1_0.resident_registration_number=? 
    order by
        hse1_0.last_assessment_date desc,
        hse1_0.eligibility_id desc 
    limit
        1
2025-06-09 18:46:47.621 DEBUG 53436 --- [http-nio-8080-exec-5] org.hibernate.SQL                        : 
    select
        pp1_0.personal_id,
        pp1_0.created_at,
        pp1_0.marriage_status,
        pp1_0.name,
        pp1_0.personal_name,
        pp1_0.personal_birth_date,
        pp1_0.resident_registration_number,
        pp1_0.updated_at 
    from
        Personal_Profiles pp1_0 
    where
        pp1_0.resident_registration_number=?
2025-06-09 19:32:50.549  WARN 53436 --- [http-nio-8080-exec-7] com.zaxxer.hikari.pool.PoolBase          : HikariPool-1 - Failed to validate connection com.mysql.cj.jdbc.ConnectionImpl@25d71cd1 (No operations allowed after connection closed.). Possibly consider using a shorter maxLifetime value.
2025-06-09 19:32:50.553  WARN 53436 --- [http-nio-8080-exec-7] com.zaxxer.hikari.pool.PoolBase          : HikariPool-1 - Failed to validate connection com.mysql.cj.jdbc.ConnectionImpl@46dad8e8 (No operations allowed after connection closed.). Possibly consider using a shorter maxLifetime value.
2025-06-09 19:32:50.554  WARN 53436 --- [http-nio-8080-exec-7] com.zaxxer.hikari.pool.PoolBase          : HikariPool-1 - Failed to validate connection com.mysql.cj.jdbc.ConnectionImpl@7f16481c (No operations allowed after connection closed.). Possibly consider using a shorter maxLifetime value.
2025-06-09 19:32:50.554  WARN 53436 --- [http-nio-8080-exec-7] com.zaxxer.hikari.pool.PoolBase          : HikariPool-1 - Failed to validate connection com.mysql.cj.jdbc.ConnectionImpl@623ae2bb (No operations allowed after connection closed.). Possibly consider using a shorter maxLifetime value.
2025-06-09 19:32:50.555  WARN 53436 --- [http-nio-8080-exec-7] com.zaxxer.hikari.pool.PoolBase          : HikariPool-1 - Failed to validate connection com.mysql.cj.jdbc.ConnectionImpl@22be781d (No operations allowed after connection closed.). Possibly consider using a shorter maxLifetime value.
2025-06-09 19:32:50.556  WARN 53436 --- [http-nio-8080-exec-7] com.zaxxer.hikari.pool.PoolBase          : HikariPool-1 - Failed to validate connection com.mysql.cj.jdbc.ConnectionImpl@3233e93a (No operations allowed after connection closed.). Possibly consider using a shorter maxLifetime value.
2025-06-09 19:32:50.557  WARN 53436 --- [http-nio-8080-exec-7] com.zaxxer.hikari.pool.PoolBase          : HikariPool-1 - Failed to validate connection com.mysql.cj.jdbc.ConnectionImpl@7fa811c8 (No operations allowed after connection closed.). Possibly consider using a shorter maxLifetime value.
2025-06-09 19:32:50.558  WARN 53436 --- [http-nio-8080-exec-7] com.zaxxer.hikari.pool.PoolBase          : HikariPool-1 - Failed to validate connection com.mysql.cj.jdbc.ConnectionImpl@4a321bbc (No operations allowed after connection closed.). Possibly consider using a shorter maxLifetime value.
2025-06-09 19:32:50.559  WARN 53436 --- [http-nio-8080-exec-7] com.zaxxer.hikari.pool.PoolBase          : HikariPool-1 - Failed to validate connection com.mysql.cj.jdbc.ConnectionImpl@1b1dfc77 (No operations allowed after connection closed.). Possibly consider using a shorter maxLifetime value.
2025-06-09 19:32:50.560  WARN 53436 --- [http-nio-8080-exec-7] com.zaxxer.hikari.pool.PoolBase          : HikariPool-1 - Failed to validate connection com.mysql.cj.jdbc.ConnectionImpl@36cabc17 (No operations allowed after connection closed.). Possibly consider using a shorter maxLifetime value.
2025-06-09 19:32:50.724  WARN 53436 --- [http-nio-8080-exec-7] com.zaxxer.hikari.pool.PoolBase          : HikariPool-3 - Failed to validate connection com.mysql.cj.jdbc.ConnectionImpl@953dd57 (No operations allowed after connection closed.). Possibly consider using a shorter maxLifetime value.
2025-06-09 19:32:50.725  WARN 53436 --- [http-nio-8080-exec-7] com.zaxxer.hikari.pool.PoolBase          : HikariPool-3 - Failed to validate connection com.mysql.cj.jdbc.ConnectionImpl@276c6865 (No operations allowed after connection closed.). Possibly consider using a shorter maxLifetime value.
2025-06-09 19:32:50.726  WARN 53436 --- [http-nio-8080-exec-7] com.zaxxer.hikari.pool.PoolBase          : HikariPool-3 - Failed to validate connection com.mysql.cj.jdbc.ConnectionImpl@44a5429b (No operations allowed after connection closed.). Possibly consider using a shorter maxLifetime value.
2025-06-09 19:32:50.728  WARN 53436 --- [http-nio-8080-exec-7] com.zaxxer.hikari.pool.PoolBase          : HikariPool-3 - Failed to validate connection com.mysql.cj.jdbc.ConnectionImpl@538b863d (No operations allowed after connection closed.). Possibly consider using a shorter maxLifetime value.
2025-06-09 19:32:50.728  WARN 53436 --- [http-nio-8080-exec-7] com.zaxxer.hikari.pool.PoolBase          : HikariPool-3 - Failed to validate connection com.mysql.cj.jdbc.ConnectionImpl@3649b36e (No operations allowed after connection closed.). Possibly consider using a shorter maxLifetime value.
2025-06-09 19:32:50.728  WARN 53436 --- [http-nio-8080-exec-7] com.zaxxer.hikari.pool.PoolBase          : HikariPool-3 - Failed to validate connection com.mysql.cj.jdbc.ConnectionImpl@7222ca82 (No operations allowed after connection closed.). Possibly consider using a shorter maxLifetime value.
2025-06-09 19:32:50.728  WARN 53436 --- [http-nio-8080-exec-7] com.zaxxer.hikari.pool.PoolBase          : HikariPool-3 - Failed to validate connection com.mysql.cj.jdbc.ConnectionImpl@1c7dffc7 (No operations allowed after connection closed.). Possibly consider using a shorter maxLifetime value.
2025-06-09 19:32:50.728  WARN 53436 --- [http-nio-8080-exec-7] com.zaxxer.hikari.pool.PoolBase          : HikariPool-3 - Failed to validate connection com.mysql.cj.jdbc.ConnectionImpl@13c8281b (No operations allowed after connection closed.). Possibly consider using a shorter maxLifetime value.
2025-06-09 19:32:50.728  WARN 53436 --- [http-nio-8080-exec-7] com.zaxxer.hikari.pool.PoolBase          : HikariPool-3 - Failed to validate connection com.mysql.cj.jdbc.ConnectionImpl@68e13bcf (No operations allowed after connection closed.). Possibly consider using a shorter maxLifetime value.
2025-06-09 19:32:50.728  WARN 53436 --- [http-nio-8080-exec-7] com.zaxxer.hikari.pool.PoolBase          : HikariPool-3 - Failed to validate connection com.mysql.cj.jdbc.ConnectionImpl@c738a8b (No operations allowed after connection closed.). Possibly consider using a shorter maxLifetime value.
2025-06-09 19:32:50.831 DEBUG 53436 --- [http-nio-8080-exec-7] org.hibernate.SQL                        : 
    select
        n1_0.id,
        n1_0.application_end_date,
        n1_0.is_correction,
        n1_0.location,
        n1_0.move_in_date,
        n1_0.notice_number,
        n1_0.notice_status,
        n1_0.notice_title,
        n1_0.post_date 
    from
        notices n1_0 
    order by
        n1_0.notice_status,
        n1_0.application_end_date 
    limit
        ?, ?
2025-06-09 19:34:24.054 DEBUG 53436 --- [http-nio-8080-exec-4] org.hibernate.SQL                        : select lp1_0.loan_id,lp1_0.bank_name,lp1_0.first_home_only,lp1_0.house_owned_limit,lp1_0.income_max,lp1_0.income_min,lp1_0.loan_limit,lp1_0.loan_term,lp1_0.loan_type,lp1_0.name,lp1_0.rate_max,lp1_0.rate_min,lp1_0.repayment_method,lp1_0.target_age_max,lp1_0.target_age_min,lp1_0.target_group from housing_loan_products lp1_0 where lp1_0.loan_type=?
2025-06-09 19:34:24.057  WARN 53436 --- [http-nio-8080-exec-4] com.zaxxer.hikari.pool.PoolBase          : HikariPool-2 - Failed to validate connection com.mysql.cj.jdbc.ConnectionImpl@10f372fb (No operations allowed after connection closed.). Possibly consider using a shorter maxLifetime value.
2025-06-09 19:34:24.059  WARN 53436 --- [http-nio-8080-exec-4] com.zaxxer.hikari.pool.PoolBase          : HikariPool-2 - Failed to validate connection com.mysql.cj.jdbc.ConnectionImpl@131f7f79 (No operations allowed after connection closed.). Possibly consider using a shorter maxLifetime value.
2025-06-09 19:34:24.061  WARN 53436 --- [http-nio-8080-exec-4] com.zaxxer.hikari.pool.PoolBase          : HikariPool-2 - Failed to validate connection com.mysql.cj.jdbc.ConnectionImpl@7a886c37 (No operations allowed after connection closed.). Possibly consider using a shorter maxLifetime value.
2025-06-09 19:34:24.062  WARN 53436 --- [http-nio-8080-exec-4] com.zaxxer.hikari.pool.PoolBase          : HikariPool-2 - Failed to validate connection com.mysql.cj.jdbc.ConnectionImpl@71e7ad37 (No operations allowed after connection closed.). Possibly consider using a shorter maxLifetime value.
2025-06-09 19:34:24.064  WARN 53436 --- [http-nio-8080-exec-4] com.zaxxer.hikari.pool.PoolBase          : HikariPool-2 - Failed to validate connection com.mysql.cj.jdbc.ConnectionImpl@578d387e (No operations allowed after connection closed.). Possibly consider using a shorter maxLifetime value.
2025-06-09 19:34:24.065  WARN 53436 --- [http-nio-8080-exec-4] com.zaxxer.hikari.pool.PoolBase          : HikariPool-2 - Failed to validate connection com.mysql.cj.jdbc.ConnectionImpl@3f017141 (No operations allowed after connection closed.). Possibly consider using a shorter maxLifetime value.
2025-06-09 19:34:24.066  WARN 53436 --- [http-nio-8080-exec-4] com.zaxxer.hikari.pool.PoolBase          : HikariPool-2 - Failed to validate connection com.mysql.cj.jdbc.ConnectionImpl@6d15b42 (No operations allowed after connection closed.). Possibly consider using a shorter maxLifetime value.
2025-06-09 19:34:24.067  WARN 53436 --- [http-nio-8080-exec-4] com.zaxxer.hikari.pool.PoolBase          : HikariPool-2 - Failed to validate connection com.mysql.cj.jdbc.ConnectionImpl@4a13d0ba (No operations allowed after connection closed.). Possibly consider using a shorter maxLifetime value.
2025-06-09 19:34:24.068  WARN 53436 --- [http-nio-8080-exec-4] com.zaxxer.hikari.pool.PoolBase          : HikariPool-2 - Failed to validate connection com.mysql.cj.jdbc.ConnectionImpl@74e34f4e (No operations allowed after connection closed.). Possibly consider using a shorter maxLifetime value.
2025-06-09 19:34:24.069  WARN 53436 --- [http-nio-8080-exec-4] com.zaxxer.hikari.pool.PoolBase          : HikariPool-2 - Failed to validate connection com.mysql.cj.jdbc.ConnectionImpl@40dcb3ea (No operations allowed after connection closed.). Possibly consider using a shorter maxLifetime value.
2025-06-09 19:52:02.584  WARN 53436 --- [http-nio-8080-exec-7] com.zaxxer.hikari.pool.PoolBase          : HikariPool-1 - Failed to validate connection com.mysql.cj.jdbc.ConnectionImpl@1e4445cf (No operations allowed after connection closed.). Possibly consider using a shorter maxLifetime value.
2025-06-09 19:52:02.584  WARN 53436 --- [http-nio-8080-exec-7] com.zaxxer.hikari.pool.PoolBase          : HikariPool-1 - Failed to validate connection com.mysql.cj.jdbc.ConnectionImpl@104a9e3f (No operations allowed after connection closed.). Possibly consider using a shorter maxLifetime value.
2025-06-09 19:52:02.591  WARN 53436 --- [http-nio-8080-exec-7] com.zaxxer.hikari.pool.PoolBase          : HikariPool-1 - Failed to validate connection com.mysql.cj.jdbc.ConnectionImpl@3ff1ed74 (No operations allowed after connection closed.). Possibly consider using a shorter maxLifetime value.
2025-06-09 19:52:02.593  WARN 53436 --- [http-nio-8080-exec-7] com.zaxxer.hikari.pool.PoolBase          : HikariPool-1 - Failed to validate connection com.mysql.cj.jdbc.ConnectionImpl@3a7bd78 (No operations allowed after connection closed.). Possibly consider using a shorter maxLifetime value.
2025-06-09 19:52:02.595  WARN 53436 --- [http-nio-8080-exec-7] com.zaxxer.hikari.pool.PoolBase          : HikariPool-1 - Failed to validate connection com.mysql.cj.jdbc.ConnectionImpl@5d9676fe (No operations allowed after connection closed.). Possibly consider using a shorter maxLifetime value.
2025-06-09 19:52:02.595  WARN 53436 --- [http-nio-8080-exec-7] com.zaxxer.hikari.pool.PoolBase          : HikariPool-1 - Failed to validate connection com.mysql.cj.jdbc.ConnectionImpl@1969a015 (No operations allowed after connection closed.). Possibly consider using a shorter maxLifetime value.
2025-06-09 19:52:02.595  WARN 53436 --- [http-nio-8080-exec-7] com.zaxxer.hikari.pool.PoolBase          : HikariPool-1 - Failed to validate connection com.mysql.cj.jdbc.ConnectionImpl@29437401 (No operations allowed after connection closed.). Possibly consider using a shorter maxLifetime value.
2025-06-09 19:52:02.595  WARN 53436 --- [http-nio-8080-exec-7] com.zaxxer.hikari.pool.PoolBase          : HikariPool-1 - Failed to validate connection com.mysql.cj.jdbc.ConnectionImpl@1731502c (No operations allowed after connection closed.). Possibly consider using a shorter maxLifetime value.
2025-06-09 19:52:02.595  WARN 53436 --- [http-nio-8080-exec-7] com.zaxxer.hikari.pool.PoolBase          : HikariPool-1 - Failed to validate connection com.mysql.cj.jdbc.ConnectionImpl@79fee5b2 (No operations allowed after connection closed.). Possibly consider using a shorter maxLifetime value.
2025-06-09 19:52:02.595  WARN 53436 --- [http-nio-8080-exec-7] com.zaxxer.hikari.pool.PoolBase          : HikariPool-1 - Failed to validate connection com.mysql.cj.jdbc.ConnectionImpl@2dc38b90 (No operations allowed after connection closed.). Possibly consider using a shorter maxLifetime value.
2025-06-09 19:52:02.767  WARN 53436 --- [http-nio-8080-exec-7] com.zaxxer.hikari.pool.PoolBase          : HikariPool-3 - Failed to validate connection com.mysql.cj.jdbc.ConnectionImpl@1f921155 (No operations allowed after connection closed.). Possibly consider using a shorter maxLifetime value.
2025-06-09 19:52:02.768  WARN 53436 --- [http-nio-8080-exec-7] com.zaxxer.hikari.pool.PoolBase          : HikariPool-3 - Failed to validate connection com.mysql.cj.jdbc.ConnectionImpl@c62343b (No operations allowed after connection closed.). Possibly consider using a shorter maxLifetime value.
2025-06-09 19:52:02.769  WARN 53436 --- [http-nio-8080-exec-7] com.zaxxer.hikari.pool.PoolBase          : HikariPool-3 - Failed to validate connection com.mysql.cj.jdbc.ConnectionImpl@3dcca12c (No operations allowed after connection closed.). Possibly consider using a shorter maxLifetime value.
2025-06-09 19:52:02.770  WARN 53436 --- [http-nio-8080-exec-7] com.zaxxer.hikari.pool.PoolBase          : HikariPool-3 - Failed to validate connection com.mysql.cj.jdbc.ConnectionImpl@32db0779 (No operations allowed after connection closed.). Possibly consider using a shorter maxLifetime value.
2025-06-09 19:52:02.771  WARN 53436 --- [http-nio-8080-exec-7] com.zaxxer.hikari.pool.PoolBase          : HikariPool-3 - Failed to validate connection com.mysql.cj.jdbc.ConnectionImpl@4c8f71c3 (No operations allowed after connection closed.). Possibly consider using a shorter maxLifetime value.
2025-06-09 19:52:02.772  WARN 53436 --- [http-nio-8080-exec-7] com.zaxxer.hikari.pool.PoolBase          : HikariPool-3 - Failed to validate connection com.mysql.cj.jdbc.ConnectionImpl@51515785 (No operations allowed after connection closed.). Possibly consider using a shorter maxLifetime value.
2025-06-09 19:52:02.773  WARN 53436 --- [http-nio-8080-exec-7] com.zaxxer.hikari.pool.PoolBase          : HikariPool-3 - Failed to validate connection com.mysql.cj.jdbc.ConnectionImpl@9cc5942 (No operations allowed after connection closed.). Possibly consider using a shorter maxLifetime value.
2025-06-09 19:52:02.773  WARN 53436 --- [http-nio-8080-exec-7] com.zaxxer.hikari.pool.PoolBase          : HikariPool-3 - Failed to validate connection com.mysql.cj.jdbc.ConnectionImpl@63c677cd (No operations allowed after connection closed.). Possibly consider using a shorter maxLifetime value.
2025-06-09 19:52:02.774  WARN 53436 --- [http-nio-8080-exec-7] com.zaxxer.hikari.pool.PoolBase          : HikariPool-3 - Failed to validate connection com.mysql.cj.jdbc.ConnectionImpl@54f0031f (No operations allowed after connection closed.). Possibly consider using a shorter maxLifetime value.
2025-06-09 19:52:02.776  WARN 53436 --- [http-nio-8080-exec-7] com.zaxxer.hikari.pool.PoolBase          : HikariPool-3 - Failed to validate connection com.mysql.cj.jdbc.ConnectionImpl@fc68b7b (No operations allowed after connection closed.). Possibly consider using a shorter maxLifetime value.
2025-06-09 19:52:02.931 DEBUG 53436 --- [http-nio-8080-exec-7] org.hibernate.SQL                        : 
    select
        n1_0.id,
        n1_0.application_end_date,
        n1_0.is_correction,
        n1_0.location,
        n1_0.move_in_date,
        n1_0.notice_number,
        n1_0.notice_status,
        n1_0.notice_title,
        n1_0.post_date 
    from
        notices n1_0 
    order by
        n1_0.notice_status,
        n1_0.application_end_date 
    limit
        ?, ?
2025-06-09 19:52:10.412 DEBUG 53436 --- [http-nio-8080-exec-1] org.hibernate.SQL                        : 
    select
        u1_0.user_id,
        u1_0.resident_registration_number,
        u1_0.user_login_id,
        u1_0.user_password_hash 
    from
        Users u1_0 
    where
        u1_0.user_login_id=?
2025-06-09 19:52:10.430 DEBUG 53436 --- [http-nio-8080-exec-1] org.hibernate.SQL                        : 
    select
        pp1_0.personal_id,
        pp1_0.created_at,
        pp1_0.marriage_status,
        pp1_0.name,
        pp1_0.personal_name,
        pp1_0.personal_birth_date,
        pp1_0.resident_registration_number,
        pp1_0.updated_at 
    from
        Personal_Profiles pp1_0 
    where
        pp1_0.resident_registration_number=?
2025-06-09 19:52:10.568 DEBUG 53436 --- [http-nio-8080-exec-2] org.hibernate.SQL                        : 
    select
        hse1_0.eligibility_id,
        hse1_0.eligibility_prime_type,
        hse1_0.eligibility_sub_type,
        hse1_0.last_assessment_date,
        hse1_0.resident_registration_number 
    from
        Housing_Subscription_Eligibility hse1_0 
    where
        hse1_0.resident_registration_number=? 
    order by
        hse1_0.last_assessment_date desc,
        hse1_0.eligibility_id desc 
    limit
        1
2025-06-09 19:52:10.576 DEBUG 53436 --- [http-nio-8080-exec-2] org.hibernate.SQL                        : 
    select
        pp1_0.personal_id,
        pp1_0.created_at,
        pp1_0.marriage_status,
        pp1_0.name,
        pp1_0.personal_name,
        pp1_0.personal_birth_date,
        pp1_0.resident_registration_number,
        pp1_0.updated_at 
    from
        Personal_Profiles pp1_0 
    where
        pp1_0.resident_registration_number=?
2025-06-09 19:52:12.083 DEBUG 53436 --- [http-nio-8080-exec-6] org.hibernate.SQL                        : 
    select
        hse1_0.eligibility_id,
        hse1_0.eligibility_prime_type,
        hse1_0.eligibility_sub_type,
        hse1_0.last_assessment_date,
        hse1_0.resident_registration_number 
    from
        Housing_Subscription_Eligibility hse1_0 
    where
        hse1_0.resident_registration_number=? 
    order by
        hse1_0.last_assessment_date desc,
        hse1_0.eligibility_id desc 
    limit
        1
2025-06-09 19:52:12.100 DEBUG 53436 --- [http-nio-8080-exec-6] org.hibernate.SQL                        : 
    select
        pp1_0.personal_id,
        pp1_0.created_at,
        pp1_0.marriage_status,
        pp1_0.name,
        pp1_0.personal_name,
        pp1_0.personal_birth_date,
        pp1_0.resident_registration_number,
        pp1_0.updated_at 
    from
        Personal_Profiles pp1_0 
    where
        pp1_0.resident_registration_number=?
2025-06-09 19:52:12.177 DEBUG 53436 --- [http-nio-8080-exec-6] org.hibernate.SQL                        : 
    select
        n1_0.id,
        n1_0.application_end_date,
        n1_0.is_correction,
        n1_0.location,
        n1_0.move_in_date,
        n1_0.notice_number,
        n1_0.notice_status,
        n1_0.notice_title,
        n1_0.post_date 
    from
        notices n1_0 
    order by
        n1_0.notice_status,
        n1_0.application_end_date 
    limit
        ?, ?
2025-06-09 19:52:14.510 DEBUG 53436 --- [http-nio-8080-exec-3] org.hibernate.SQL                        : 
    select
        hse1_0.eligibility_id,
        hse1_0.eligibility_prime_type,
        hse1_0.eligibility_sub_type,
        hse1_0.last_assessment_date,
        hse1_0.resident_registration_number 
    from
        Housing_Subscription_Eligibility hse1_0 
    where
        hse1_0.resident_registration_number=? 
    order by
        hse1_0.last_assessment_date desc,
        hse1_0.eligibility_id desc 
    limit
        1
2025-06-09 19:52:14.510 DEBUG 53436 --- [http-nio-8080-exec-3] org.hibernate.SQL                        : 
    select
        pp1_0.personal_id,
        pp1_0.created_at,
        pp1_0.marriage_status,
        pp1_0.name,
        pp1_0.personal_name,
        pp1_0.personal_birth_date,
        pp1_0.resident_registration_number,
        pp1_0.updated_at 
    from
        Personal_Profiles pp1_0 
    where
        pp1_0.resident_registration_number=?
2025-06-09 19:52:14.548 DEBUG 53436 --- [http-nio-8080-exec-3] org.hibernate.SQL                        : 
    select
        hse1_0.eligibility_id,
        hse1_0.eligibility_prime_type,
        hse1_0.eligibility_sub_type,
        hse1_0.last_assessment_date,
        hse1_0.resident_registration_number 
    from
        Housing_Subscription_Eligibility hse1_0 
    where
        hse1_0.resident_registration_number=? 
    order by
        hse1_0.last_assessment_date desc,
        hse1_0.eligibility_id desc 
    limit
        1
2025-06-09 19:52:14.595 DEBUG 53436 --- [http-nio-8080-exec-3] org.hibernate.SQL                        : 
    select
        distinct st1_0.notice_id 
    from
        supply_types st1_0 
    where
        st1_0.supply_type like ? escape ''
2025-06-09 19:52:14.611 DEBUG 53436 --- [http-nio-8080-exec-3] org.hibernate.SQL                        : 
    select
        n1_0.id,
        n1_0.application_end_date,
        n1_0.is_correction,
        n1_0.location,
        n1_0.move_in_date,
        n1_0.notice_number,
        n1_0.notice_status,
        n1_0.notice_title,
        n1_0.post_date 
    from
        notices n1_0 
    where
        n1_0.id in (?, ?, ?, ?, ?, ?, ?, ?, ?, ?, ?, ?, ?, ?, ?, ?, ?, ?, ?, ?) 
    order by
        n1_0.notice_status,
        n1_0.application_end_date 
    limit
        ?, ?
2025-06-09 19:52:32.530 DEBUG 53436 --- [http-nio-8080-exec-10] org.hibernate.SQL                        : 
    select
        hse1_0.eligibility_id,
        hse1_0.eligibility_prime_type,
        hse1_0.eligibility_sub_type,
        hse1_0.last_assessment_date,
        hse1_0.resident_registration_number 
    from
        Housing_Subscription_Eligibility hse1_0 
    where
        hse1_0.resident_registration_number=? 
    order by
        hse1_0.last_assessment_date desc,
        hse1_0.eligibility_id desc 
    limit
        1
2025-06-09 19:52:32.541 DEBUG 53436 --- [http-nio-8080-exec-10] org.hibernate.SQL                        : 
    select
        pp1_0.personal_id,
        pp1_0.created_at,
        pp1_0.marriage_status,
        pp1_0.name,
        pp1_0.personal_name,
        pp1_0.personal_birth_date,
        pp1_0.resident_registration_number,
        pp1_0.updated_at 
    from
        Personal_Profiles pp1_0 
    where
        pp1_0.resident_registration_number=?
2025-06-09 19:52:32.574 DEBUG 53436 --- [http-nio-8080-exec-10] org.hibernate.SQL                        : 
    select
        hse1_0.eligibility_id,
        hse1_0.eligibility_prime_type,
        hse1_0.eligibility_sub_type,
        hse1_0.last_assessment_date,
        hse1_0.resident_registration_number 
    from
        Housing_Subscription_Eligibility hse1_0 
    where
        hse1_0.resident_registration_number=? 
    order by
        hse1_0.last_assessment_date desc,
        hse1_0.eligibility_id desc 
    limit
        1
2025-06-09 19:52:32.617 DEBUG 53436 --- [http-nio-8080-exec-10] org.hibernate.SQL                        : 
    select
        distinct st1_0.notice_id 
    from
        supply_types st1_0 
    where
        st1_0.supply_type like ? escape ''
2025-06-09 19:52:32.638 DEBUG 53436 --- [http-nio-8080-exec-10] org.hibernate.SQL                        : 
    select
        n1_0.id,
        n1_0.application_end_date,
        n1_0.is_correction,
        n1_0.location,
        n1_0.move_in_date,
        n1_0.notice_number,
        n1_0.notice_status,
        n1_0.notice_title,
        n1_0.post_date 
    from
        notices n1_0 
    where
        n1_0.id in (?, ?, ?, ?, ?, ?, ?, ?, ?, ?, ?, ?, ?, ?, ?, ?, ?, ?, ?, ?) 
    order by
        n1_0.notice_status,
        n1_0.application_end_date 
    limit
        ?, ?
2025-06-09 19:52:34.897 DEBUG 53436 --- [http-nio-8080-exec-7] org.hibernate.SQL                        : 
    select
        hse1_0.eligibility_id,
        hse1_0.eligibility_prime_type,
        hse1_0.eligibility_sub_type,
        hse1_0.last_assessment_date,
        hse1_0.resident_registration_number 
    from
        Housing_Subscription_Eligibility hse1_0 
    where
        hse1_0.resident_registration_number=? 
    order by
        hse1_0.last_assessment_date desc,
        hse1_0.eligibility_id desc 
    limit
        1
2025-06-09 19:52:34.908 DEBUG 53436 --- [http-nio-8080-exec-7] org.hibernate.SQL                        : 
    select
        pp1_0.personal_id,
        pp1_0.created_at,
        pp1_0.marriage_status,
        pp1_0.name,
        pp1_0.personal_name,
        pp1_0.personal_birth_date,
        pp1_0.resident_registration_number,
        pp1_0.updated_at 
    from
        Personal_Profiles pp1_0 
    where
        pp1_0.resident_registration_number=?
2025-06-09 19:52:34.960 DEBUG 53436 --- [http-nio-8080-exec-7] org.hibernate.SQL                        : 
    select
        n1_0.id,
        n1_0.application_end_date,
        n1_0.is_correction,
        n1_0.location,
        n1_0.move_in_date,
        n1_0.notice_number,
        n1_0.notice_status,
        n1_0.notice_title,
        n1_0.post_date 
    from
        notices n1_0 
    order by
        n1_0.notice_status,
        n1_0.application_end_date 
    limit
        ?, ?
2025-06-09 19:52:39.920 DEBUG 53436 --- [http-nio-8080-exec-9] org.hibernate.SQL                        : 
    select
        hse1_0.eligibility_id,
        hse1_0.eligibility_prime_type,
        hse1_0.eligibility_sub_type,
        hse1_0.last_assessment_date,
        hse1_0.resident_registration_number 
    from
        Housing_Subscription_Eligibility hse1_0 
    where
        hse1_0.resident_registration_number=? 
    order by
        hse1_0.last_assessment_date desc,
        hse1_0.eligibility_id desc 
    limit
        1
2025-06-09 19:52:39.928 DEBUG 53436 --- [http-nio-8080-exec-9] org.hibernate.SQL                        : 
    select
        pp1_0.personal_id,
        pp1_0.created_at,
        pp1_0.marriage_status,
        pp1_0.name,
        pp1_0.personal_name,
        pp1_0.personal_birth_date,
        pp1_0.resident_registration_number,
        pp1_0.updated_at 
    from
        Personal_Profiles pp1_0 
    where
        pp1_0.resident_registration_number=?
2025-06-09 19:52:55.423 DEBUG 53436 --- [http-nio-8080-exec-5] org.hibernate.SQL                        : 
    select
        hse1_0.eligibility_id,
        hse1_0.eligibility_prime_type,
        hse1_0.eligibility_sub_type,
        hse1_0.last_assessment_date,
        hse1_0.resident_registration_number 
    from
        Housing_Subscription_Eligibility hse1_0 
    where
        hse1_0.resident_registration_number=? 
    order by
        hse1_0.last_assessment_date desc,
        hse1_0.eligibility_id desc 
    limit
        1
2025-06-09 19:52:55.423 DEBUG 53436 --- [http-nio-8080-exec-5] org.hibernate.SQL                        : 
    select
        pp1_0.personal_id,
        pp1_0.created_at,
        pp1_0.marriage_status,
        pp1_0.name,
        pp1_0.personal_name,
        pp1_0.personal_birth_date,
        pp1_0.resident_registration_number,
        pp1_0.updated_at 
    from
        Personal_Profiles pp1_0 
    where
        pp1_0.resident_registration_number=?
2025-06-09 19:52:55.526 DEBUG 53436 --- [http-nio-8080-exec-5] org.hibernate.SQL                        : 
    select
        n1_0.id,
        n1_0.application_end_date,
        n1_0.is_correction,
        n1_0.location,
        n1_0.move_in_date,
        n1_0.notice_number,
        n1_0.notice_status,
        n1_0.notice_title,
        n1_0.post_date 
    from
        notices n1_0 
    order by
        n1_0.notice_status,
        n1_0.application_end_date 
    limit
        ?, ?
2025-06-09 19:52:59.341 DEBUG 53436 --- [http-nio-8080-exec-1] org.hibernate.SQL                        : 
    select
        hse1_0.eligibility_id,
        hse1_0.eligibility_prime_type,
        hse1_0.eligibility_sub_type,
        hse1_0.last_assessment_date,
        hse1_0.resident_registration_number 
    from
        Housing_Subscription_Eligibility hse1_0 
    where
        hse1_0.resident_registration_number=? 
    order by
        hse1_0.last_assessment_date desc,
        hse1_0.eligibility_id desc 
    limit
        1
2025-06-09 19:52:59.478 DEBUG 53436 --- [http-nio-8080-exec-1] org.hibernate.SQL                        : 
    select
        pp1_0.personal_id,
        pp1_0.created_at,
        pp1_0.marriage_status,
        pp1_0.name,
        pp1_0.personal_name,
        pp1_0.personal_birth_date,
        pp1_0.resident_registration_number,
        pp1_0.updated_at 
    from
        Personal_Profiles pp1_0 
    where
        pp1_0.resident_registration_number=?
2025-06-09 19:52:59.717 DEBUG 53436 --- [http-nio-8080-exec-1] org.hibernate.SQL                        : 
    select
        hse1_0.eligibility_id,
        hse1_0.eligibility_prime_type,
        hse1_0.eligibility_sub_type,
        hse1_0.last_assessment_date,
        hse1_0.resident_registration_number 
    from
        Housing_Subscription_Eligibility hse1_0 
    where
        hse1_0.resident_registration_number=? 
    order by
        hse1_0.last_assessment_date desc,
        hse1_0.eligibility_id desc 
    limit
        1
2025-06-09 19:52:59.791 DEBUG 53436 --- [http-nio-8080-exec-1] org.hibernate.SQL                        : 
    select
        distinct st1_0.notice_id 
    from
        supply_types st1_0 
    where
        st1_0.supply_type like ? escape ''
2025-06-09 19:52:59.838 DEBUG 53436 --- [http-nio-8080-exec-1] org.hibernate.SQL                        : 
    select
        n1_0.id,
        n1_0.application_end_date,
        n1_0.is_correction,
        n1_0.location,
        n1_0.move_in_date,
        n1_0.notice_number,
        n1_0.notice_status,
        n1_0.notice_title,
        n1_0.post_date 
    from
        notices n1_0 
    where
        n1_0.id in (?, ?, ?, ?, ?, ?, ?, ?, ?, ?, ?, ?, ?, ?, ?, ?, ?, ?, ?, ?) 
    order by
        n1_0.notice_status,
        n1_0.application_end_date 
    limit
        ?, ?
2025-06-09 19:53:00.541 DEBUG 53436 --- [http-nio-8080-exec-2] org.hibernate.SQL                        : 
    select
        hse1_0.eligibility_id,
        hse1_0.eligibility_prime_type,
        hse1_0.eligibility_sub_type,
        hse1_0.last_assessment_date,
        hse1_0.resident_registration_number 
    from
        Housing_Subscription_Eligibility hse1_0 
    where
        hse1_0.resident_registration_number=? 
    order by
        hse1_0.last_assessment_date desc,
        hse1_0.eligibility_id desc 
    limit
        1
2025-06-09 19:53:00.557 DEBUG 53436 --- [http-nio-8080-exec-2] org.hibernate.SQL                        : 
    select
        pp1_0.personal_id,
        pp1_0.created_at,
        pp1_0.marriage_status,
        pp1_0.name,
        pp1_0.personal_name,
        pp1_0.personal_birth_date,
        pp1_0.resident_registration_number,
        pp1_0.updated_at 
    from
        Personal_Profiles pp1_0 
    where
        pp1_0.resident_registration_number=?
2025-06-09 19:53:00.672 DEBUG 53436 --- [http-nio-8080-exec-7] org.hibernate.SQL                        : 
    select
        hse1_0.eligibility_id,
        hse1_0.eligibility_prime_type,
        hse1_0.eligibility_sub_type,
        hse1_0.last_assessment_date,
        hse1_0.resident_registration_number 
    from
        Housing_Subscription_Eligibility hse1_0 
    where
        hse1_0.resident_registration_number=? 
    order by
        hse1_0.last_assessment_date desc,
        hse1_0.eligibility_id desc 
    limit
        1
2025-06-09 19:53:00.705 DEBUG 53436 --- [http-nio-8080-exec-7] org.hibernate.SQL                        : 
    select
        pp1_0.personal_id,
        pp1_0.created_at,
        pp1_0.marriage_status,
        pp1_0.name,
        pp1_0.personal_name,
        pp1_0.personal_birth_date,
        pp1_0.resident_registration_number,
        pp1_0.updated_at 
    from
        Personal_Profiles pp1_0 
    where
        pp1_0.resident_registration_number=?
2025-06-09 19:53:00.811 DEBUG 53436 --- [http-nio-8080-exec-7] org.hibernate.SQL                        : 
    select
        hse1_0.eligibility_id,
        hse1_0.eligibility_prime_type,
        hse1_0.eligibility_sub_type,
        hse1_0.last_assessment_date,
        hse1_0.resident_registration_number 
    from
        Housing_Subscription_Eligibility hse1_0 
    where
        hse1_0.resident_registration_number=? 
    order by
        hse1_0.last_assessment_date desc,
        hse1_0.eligibility_id desc 
    limit
        1
2025-06-09 19:53:00.840 DEBUG 53436 --- [http-nio-8080-exec-7] org.hibernate.SQL                        : 
    select
        distinct st1_0.notice_id 
    from
        supply_types st1_0 
    where
        st1_0.supply_type like ? escape ''
2025-06-09 19:53:00.873 DEBUG 53436 --- [http-nio-8080-exec-7] org.hibernate.SQL                        : 
    select
        n1_0.id,
        n1_0.application_end_date,
        n1_0.is_correction,
        n1_0.location,
        n1_0.move_in_date,
        n1_0.notice_number,
        n1_0.notice_status,
        n1_0.notice_title,
        n1_0.post_date 
    from
        notices n1_0 
    where
        n1_0.id in (?, ?, ?, ?, ?, ?, ?, ?, ?, ?, ?, ?, ?, ?, ?, ?, ?, ?, ?, ?) 
    order by
        n1_0.notice_status,
        n1_0.application_end_date 
    limit
        ?, ?
2025-06-09 19:53:14.126 DEBUG 53436 --- [http-nio-8080-exec-3] org.hibernate.SQL                        : 
    select
        u1_0.user_id,
        u1_0.resident_registration_number,
        u1_0.user_login_id,
        u1_0.user_password_hash 
    from
        Users u1_0 
    where
        u1_0.user_login_id=?
2025-06-09 19:53:14.149 DEBUG 53436 --- [http-nio-8080-exec-3] org.hibernate.SQL                        : 
    select
        pp1_0.personal_id,
        pp1_0.created_at,
        pp1_0.marriage_status,
        pp1_0.name,
        pp1_0.personal_name,
        pp1_0.personal_birth_date,
        pp1_0.resident_registration_number,
        pp1_0.updated_at 
    from
        Personal_Profiles pp1_0 
    where
        pp1_0.resident_registration_number=?
2025-06-09 19:53:14.352 DEBUG 53436 --- [http-nio-8080-exec-5] org.hibernate.SQL                        : 
    select
        hse1_0.eligibility_id,
        hse1_0.eligibility_prime_type,
        hse1_0.eligibility_sub_type,
        hse1_0.last_assessment_date,
        hse1_0.resident_registration_number 
    from
        Housing_Subscription_Eligibility hse1_0 
    where
        hse1_0.resident_registration_number=? 
    order by
        hse1_0.last_assessment_date desc,
        hse1_0.eligibility_id desc 
    limit
        1
2025-06-09 19:53:14.360 DEBUG 53436 --- [http-nio-8080-exec-5] org.hibernate.SQL                        : 
    select
        pp1_0.personal_id,
        pp1_0.created_at,
        pp1_0.marriage_status,
        pp1_0.name,
        pp1_0.personal_name,
        pp1_0.personal_birth_date,
        pp1_0.resident_registration_number,
        pp1_0.updated_at 
    from
        Personal_Profiles pp1_0 
    where
        pp1_0.resident_registration_number=?
2025-06-09 19:53:15.464 DEBUG 53436 --- [http-nio-8080-exec-2] org.hibernate.SQL                        : 
    select
        hse1_0.eligibility_id,
        hse1_0.eligibility_prime_type,
        hse1_0.eligibility_sub_type,
        hse1_0.last_assessment_date,
        hse1_0.resident_registration_number 
    from
        Housing_Subscription_Eligibility hse1_0 
    where
        hse1_0.resident_registration_number=? 
    order by
        hse1_0.last_assessment_date desc,
        hse1_0.eligibility_id desc 
    limit
        1
2025-06-09 19:53:15.473 DEBUG 53436 --- [http-nio-8080-exec-2] org.hibernate.SQL                        : 
    select
        pp1_0.personal_id,
        pp1_0.created_at,
        pp1_0.marriage_status,
        pp1_0.name,
        pp1_0.personal_name,
        pp1_0.personal_birth_date,
        pp1_0.resident_registration_number,
        pp1_0.updated_at 
    from
        Personal_Profiles pp1_0 
    where
        pp1_0.resident_registration_number=?
2025-06-09 19:53:15.530 DEBUG 53436 --- [http-nio-8080-exec-2] org.hibernate.SQL                        : 
    select
        n1_0.id,
        n1_0.application_end_date,
        n1_0.is_correction,
        n1_0.location,
        n1_0.move_in_date,
        n1_0.notice_number,
        n1_0.notice_status,
        n1_0.notice_title,
        n1_0.post_date 
    from
        notices n1_0 
    order by
        n1_0.notice_status,
        n1_0.application_end_date 
    limit
        ?, ?
2025-06-09 19:53:16.985 DEBUG 53436 --- [http-nio-8080-exec-4] org.hibernate.SQL                        : 
    select
        hse1_0.eligibility_id,
        hse1_0.eligibility_prime_type,
        hse1_0.eligibility_sub_type,
        hse1_0.last_assessment_date,
        hse1_0.resident_registration_number 
    from
        Housing_Subscription_Eligibility hse1_0 
    where
        hse1_0.resident_registration_number=? 
    order by
        hse1_0.last_assessment_date desc,
        hse1_0.eligibility_id desc 
    limit
        1
2025-06-09 19:53:16.994 DEBUG 53436 --- [http-nio-8080-exec-4] org.hibernate.SQL                        : 
    select
        pp1_0.personal_id,
        pp1_0.created_at,
        pp1_0.marriage_status,
        pp1_0.name,
        pp1_0.personal_name,
        pp1_0.personal_birth_date,
        pp1_0.resident_registration_number,
        pp1_0.updated_at 
    from
        Personal_Profiles pp1_0 
    where
        pp1_0.resident_registration_number=?
2025-06-09 19:53:17.040 DEBUG 53436 --- [http-nio-8080-exec-4] org.hibernate.SQL                        : 
    select
        hse1_0.eligibility_id,
        hse1_0.eligibility_prime_type,
        hse1_0.eligibility_sub_type,
        hse1_0.last_assessment_date,
        hse1_0.resident_registration_number 
    from
        Housing_Subscription_Eligibility hse1_0 
    where
        hse1_0.resident_registration_number=? 
    order by
        hse1_0.last_assessment_date desc,
        hse1_0.eligibility_id desc 
    limit
        1
2025-06-09 19:53:17.073 DEBUG 53436 --- [http-nio-8080-exec-4] org.hibernate.SQL                        : 
    select
        distinct st1_0.notice_id 
    from
        supply_types st1_0 
    where
        st1_0.supply_type like ? escape ''
2025-06-09 19:53:17.114 DEBUG 53436 --- [http-nio-8080-exec-4] org.hibernate.SQL                        : 
    select
        n1_0.id,
        n1_0.application_end_date,
        n1_0.is_correction,
        n1_0.location,
        n1_0.move_in_date,
        n1_0.notice_number,
        n1_0.notice_status,
        n1_0.notice_title,
        n1_0.post_date 
    from
        notices n1_0 
    where
        n1_0.id in (?, ?, ?, ?, ?, ?, ?) 
    order by
        n1_0.notice_status,
        n1_0.application_end_date 
    limit
        ?, ?
2025-06-09 19:53:23.008 DEBUG 53436 --- [http-nio-8080-exec-9] org.hibernate.SQL                        : 
    select
        hse1_0.eligibility_id,
        hse1_0.eligibility_prime_type,
        hse1_0.eligibility_sub_type,
        hse1_0.last_assessment_date,
        hse1_0.resident_registration_number 
    from
        Housing_Subscription_Eligibility hse1_0 
    where
        hse1_0.resident_registration_number=? 
    order by
        hse1_0.last_assessment_date desc,
        hse1_0.eligibility_id desc 
    limit
        1
2025-06-09 19:53:23.020 DEBUG 53436 --- [http-nio-8080-exec-9] org.hibernate.SQL                        : 
    select
        pp1_0.personal_id,
        pp1_0.created_at,
        pp1_0.marriage_status,
        pp1_0.name,
        pp1_0.personal_name,
        pp1_0.personal_birth_date,
        pp1_0.resident_registration_number,
        pp1_0.updated_at 
    from
        Personal_Profiles pp1_0 
    where
        pp1_0.resident_registration_number=?
2025-06-09 19:53:23.056 DEBUG 53436 --- [http-nio-8080-exec-6] org.hibernate.SQL                        : 
    select
        hse1_0.eligibility_id,
        hse1_0.eligibility_prime_type,
        hse1_0.eligibility_sub_type,
        hse1_0.last_assessment_date,
        hse1_0.resident_registration_number 
    from
        Housing_Subscription_Eligibility hse1_0 
    where
        hse1_0.resident_registration_number=? 
    order by
        hse1_0.last_assessment_date desc,
        hse1_0.eligibility_id desc 
    limit
        1
2025-06-09 19:53:23.060 DEBUG 53436 --- [http-nio-8080-exec-6] org.hibernate.SQL                        : 
    select
        pp1_0.personal_id,
        pp1_0.created_at,
        pp1_0.marriage_status,
        pp1_0.name,
        pp1_0.personal_name,
        pp1_0.personal_birth_date,
        pp1_0.resident_registration_number,
        pp1_0.updated_at 
    from
        Personal_Profiles pp1_0 
    where
        pp1_0.resident_registration_number=?
2025-06-09 19:53:23.089 DEBUG 53436 --- [http-nio-8080-exec-6] org.hibernate.SQL                        : 
    select
        hse1_0.eligibility_id,
        hse1_0.eligibility_prime_type,
        hse1_0.eligibility_sub_type,
        hse1_0.last_assessment_date,
        hse1_0.resident_registration_number 
    from
        Housing_Subscription_Eligibility hse1_0 
    where
        hse1_0.resident_registration_number=? 
    order by
        hse1_0.last_assessment_date desc,
        hse1_0.eligibility_id desc 
    limit
        1
2025-06-09 19:53:23.136 DEBUG 53436 --- [http-nio-8080-exec-6] org.hibernate.SQL                        : 
    select
        distinct st1_0.notice_id 
    from
        supply_types st1_0 
    where
        st1_0.supply_type like ? escape ''
2025-06-09 19:53:23.154 DEBUG 53436 --- [http-nio-8080-exec-6] org.hibernate.SQL                        : 
    select
        n1_0.id,
        n1_0.application_end_date,
        n1_0.is_correction,
        n1_0.location,
        n1_0.move_in_date,
        n1_0.notice_number,
        n1_0.notice_status,
        n1_0.notice_title,
        n1_0.post_date 
    from
        notices n1_0 
    where
        n1_0.id in (?, ?, ?, ?, ?, ?, ?) 
    order by
        n1_0.notice_status,
        n1_0.application_end_date 
    limit
        ?, ?
2025-06-09 21:02:29.037  WARN 53436 --- [HikariPool-1 housekeeper] com.zaxxer.hikari.pool.HikariPool        : HikariPool-1 - Thread starvation or clock leap detected (housekeeper delta=8m47s650ms267s600ns).
2025-06-09 21:02:29.260  WARN 53436 --- [HikariPool-2 housekeeper] com.zaxxer.hikari.pool.HikariPool        : HikariPool-2 - Thread starvation or clock leap detected (housekeeper delta=8m47s744ms366s700ns).
2025-06-09 21:02:29.275  WARN 53436 --- [HikariPool-3 housekeeper] com.zaxxer.hikari.pool.HikariPool        : HikariPool-3 - Thread starvation or clock leap detected (housekeeper delta=8m47s656ms306s500ns).
